{"meta": {"format": 3, "version": "7.10.2", "timestamp": "2025-08-10T23:01:14.124810", "branch_coverage": false, "show_contexts": false}, "files": {"src/__init__.py": {"executed_lines": [1], "summary": {"covered_lines": 0, "num_statements": 0, "percent_covered": 100.0, "percent_covered_display": "100", "missing_lines": 0, "excluded_lines": 0}, "missing_lines": [], "excluded_lines": [], "functions": {"": {"executed_lines": [1], "summary": {"covered_lines": 0, "num_statements": 0, "percent_covered": 100.0, "percent_covered_display": "100", "missing_lines": 0, "excluded_lines": 0}, "missing_lines": [], "excluded_lines": []}}, "classes": {"": {"executed_lines": [1], "summary": {"covered_lines": 0, "num_statements": 0, "percent_covered": 100.0, "percent_covered_display": "100", "missing_lines": 0, "excluded_lines": 0}, "missing_lines": [], "excluded_lines": []}}}, "src/cli/__init__.py": {"executed_lines": [], "summary": {"covered_lines": 0, "num_statements": 0, "percent_covered": 100.0, "percent_covered_display": "100", "missing_lines": 0, "excluded_lines": 0}, "missing_lines": [], "excluded_lines": [], "functions": {"": {"executed_lines": [], "summary": {"covered_lines": 0, "num_statements": 0, "percent_covered": 100.0, "percent_covered_display": "100", "missing_lines": 0, "excluded_lines": 0}, "missing_lines": [], "excluded_lines": []}}, "classes": {"": {"executed_lines": [], "summary": {"covered_lines": 0, "num_statements": 0, "percent_covered": 100.0, "percent_covered_display": "100", "missing_lines": 0, "excluded_lines": 0}, "missing_lines": [], "excluded_lines": []}}}, "src/cli/config.py": {"executed_lines": [], "summary": {"covered_lines": 0, "num_statements": 194, "percent_covered": 0.0, "percent_covered_display": "0", "missing_lines": 194, "excluded_lines": 0}, "missing_lines": [6, 7, 8, 9, 10, 11, 13, 16, 17, 21, 22, 23, 24, 27, 28, 29, 32, 33, 34, 37, 38, 41, 42, 43, 46, 47, 48, 49, 51, 53, 54, 57, 60, 62, 63, 64, 66, 68, 69, 70, 71, 73, 75, 84, 85, 86, 88, 90, 104, 105, 106, 108, 109, 110, 111, 113, 116, 117, 119, 121, 122, 123, 125, 133, 134, 136, 138, 140, 143, 157, 158, 159, 161, 166, 168, 175, 184, 187, 194, 195, 196, 197, 200, 202, 204, 205, 206, 208, 223, 224, 226, 227, 228, 231, 233, 235, 236, 237, 238, 240, 247, 249, 250, 251, 253, 255, 257, 273, 274, 275, 278, 279, 280, 281, 282, 283, 284, 285, 286, 288, 290, 306, 308, 327, 328, 331, 332, 335, 337, 338, 339, 345, 346, 347, 349, 351, 362, 363, 365, 366, 367, 369, 371, 378, 380, 381, 383, 387, 394, 396, 397, 398, 399, 400, 401, 403, 405, 407, 408, 409, 410, 412, 414, 415, 417, 418, 419, 421, 423, 424, 425, 428, 430, 432, 433, 435, 436, 438, 439, 441, 443, 445, 446, 449, 451, 453, 454, 455, 456, 458, 471, 473, 474, 476], "excluded_lines": [], "functions": {"CLIConfig.__post_init__": {"executed_lines": [], "summary": {"covered_lines": 0, "num_statements": 2, "percent_covered": 0.0, "percent_covered_display": "0", "missing_lines": 2, "excluded_lines": 0}, "missing_lines": [53, 54], "excluded_lines": []}, "ConfigManager.__init__": {"executed_lines": [], "summary": {"covered_lines": 0, "num_statements": 3, "percent_covered": 0.0, "percent_covered_display": "0", "missing_lines": 3, "excluded_lines": 0}, "missing_lines": [62, 63, 64], "excluded_lines": []}, "ConfigManager._load_default_config": {"executed_lines": [], "summary": {"covered_lines": 0, "num_statements": 4, "percent_covered": 0.0, "percent_covered_display": "0", "missing_lines": 4, "excluded_lines": 0}, "missing_lines": [68, 69, 70, 71], "excluded_lines": []}, "ConfigManager._find_config_file": {"executed_lines": [], "summary": {"covered_lines": 0, "num_statements": 5, "percent_covered": 0.0, "percent_covered_display": "0", "missing_lines": 5, "excluded_lines": 0}, "missing_lines": [75, 84, 85, 86, 88], "excluded_lines": []}, "ConfigManager.load_config": {"executed_lines": [], "summary": {"covered_lines": 0, "num_statements": 14, "percent_covered": 0.0, "percent_covered_display": "0", "missing_lines": 14, "excluded_lines": 0}, "missing_lines": [104, 105, 106, 108, 109, 110, 111, 113, 116, 117, 119, 121, 122, 123], "excluded_lines": []}, "ConfigManager.load_default_config": {"executed_lines": [], "summary": {"covered_lines": 0, "num_statements": 3, "percent_covered": 0.0, "percent_covered_display": "0", "missing_lines": 3, "excluded_lines": 0}, "missing_lines": [133, 134, 136], "excluded_lines": []}, "ConfigManager._load_environment_overrides": {"executed_lines": [], "summary": {"covered_lines": 0, "num_statements": 7, "percent_covered": 0.0, "percent_covered_display": "0", "missing_lines": 7, "excluded_lines": 0}, "missing_lines": [140, 143, 157, 158, 159, 161, 166], "excluded_lines": []}, "ConfigManager._convert_env_value": {"executed_lines": [], "summary": {"covered_lines": 0, "num_statements": 8, "percent_covered": 0.0, "percent_covered_display": "0", "missing_lines": 8, "excluded_lines": 0}, "missing_lines": [175, 184, 187, 194, 195, 196, 197, 200], "excluded_lines": []}, "ConfigManager._update_config_from_dict": {"executed_lines": [], "summary": {"covered_lines": 0, "num_statements": 3, "percent_covered": 0.0, "percent_covered_display": "0", "missing_lines": 3, "excluded_lines": 0}, "missing_lines": [204, 205, 206], "excluded_lines": []}, "ConfigManager.save_config": {"executed_lines": [], "summary": {"covered_lines": 0, "num_statements": 16, "percent_covered": 0.0, "percent_covered_display": "0", "missing_lines": 16, "excluded_lines": 0}, "missing_lines": [223, 224, 226, 227, 228, 231, 233, 235, 236, 237, 238, 240, 247, 249, 250, 251], "excluded_lines": []}, "ConfigManager.get_current_config": {"executed_lines": [], "summary": {"covered_lines": 0, "num_statements": 1, "percent_covered": 0.0, "percent_covered_display": "0", "missing_lines": 1, "excluded_lines": 0}, "missing_lines": [255], "excluded_lines": []}, "ConfigManager.set_config_value": {"executed_lines": [], "summary": {"covered_lines": 0, "num_statements": 13, "percent_covered": 0.0, "percent_covered_display": "0", "missing_lines": 13, "excluded_lines": 0}, "missing_lines": [273, 274, 275, 278, 279, 280, 281, 282, 283, 284, 285, 286, 288], "excluded_lines": []}, "ConfigManager.get_config_value": {"executed_lines": [], "summary": {"covered_lines": 0, "num_statements": 1, "percent_covered": 0.0, "percent_covered_display": "0", "missing_lines": 1, "excluded_lines": 0}, "missing_lines": [306], "excluded_lines": []}, "ConfigManager.create_profile": {"executed_lines": [], "summary": {"covered_lines": 0, "num_statements": 12, "percent_covered": 0.0, "percent_covered_display": "0", "missing_lines": 12, "excluded_lines": 0}, "missing_lines": [327, 328, 331, 332, 335, 337, 338, 339, 345, 346, 347, 349], "excluded_lines": []}, "ConfigManager.load_profile": {"executed_lines": [], "summary": {"covered_lines": 0, "num_statements": 6, "percent_covered": 0.0, "percent_covered_display": "0", "missing_lines": 6, "excluded_lines": 0}, "missing_lines": [362, 363, 365, 366, 367, 369], "excluded_lines": []}, "ConfigManager.list_profiles": {"executed_lines": [], "summary": {"covered_lines": 0, "num_statements": 4, "percent_covered": 0.0, "percent_covered_display": "0", "missing_lines": 4, "excluded_lines": 0}, "missing_lines": [378, 380, 381, 383], "excluded_lines": []}, "ConfigManager.validate_config": {"executed_lines": [], "summary": {"covered_lines": 0, "num_statements": 8, "percent_covered": 0.0, "percent_covered_display": "0", "missing_lines": 8, "excluded_lines": 0}, "missing_lines": [394, 396, 397, 398, 399, 400, 401, 403], "excluded_lines": []}, "ConfigManager._validate_analysis_level": {"executed_lines": [], "summary": {"covered_lines": 0, "num_statements": 4, "percent_covered": 0.0, "percent_covered_display": "0", "missing_lines": 4, "excluded_lines": 0}, "missing_lines": [407, 408, 409, 410], "excluded_lines": []}, "ConfigManager._validate_parallel_workers": {"executed_lines": [], "summary": {"covered_lines": 0, "num_statements": 5, "percent_covered": 0.0, "percent_covered_display": "0", "missing_lines": 5, "excluded_lines": 0}, "missing_lines": [414, 415, 417, 418, 419], "excluded_lines": []}, "ConfigManager._validate_output_format": {"executed_lines": [], "summary": {"covered_lines": 0, "num_statements": 4, "percent_covered": 0.0, "percent_covered_display": "0", "missing_lines": 4, "excluded_lines": 0}, "missing_lines": [423, 424, 425, 428], "excluded_lines": []}, "ConfigManager._validate_memory_limits": {"executed_lines": [], "summary": {"covered_lines": 0, "num_statements": 7, "percent_covered": 0.0, "percent_covered_display": "0", "missing_lines": 7, "excluded_lines": 0}, "missing_lines": [432, 433, 435, 436, 438, 439, 441], "excluded_lines": []}, "ConfigManager._validate_retention_policy": {"executed_lines": [], "summary": {"covered_lines": 0, "num_statements": 3, "percent_covered": 0.0, "percent_covered_display": "0", "missing_lines": 3, "excluded_lines": 0}, "missing_lines": [445, 446, 449], "excluded_lines": []}, "ConfigManager._validate_schedule_policy": {"executed_lines": [], "summary": {"covered_lines": 0, "num_statements": 4, "percent_covered": 0.0, "percent_covered_display": "0", "missing_lines": 4, "excluded_lines": 0}, "missing_lines": [453, 454, 455, 456], "excluded_lines": []}, "ConfigManager.get_effective_config": {"executed_lines": [], "summary": {"covered_lines": 0, "num_statements": 4, "percent_covered": 0.0, "percent_covered_display": "0", "missing_lines": 4, "excluded_lines": 0}, "missing_lines": [471, 473, 474, 476], "excluded_lines": []}, "": {"executed_lines": [], "summary": {"covered_lines": 0, "num_statements": 53, "percent_covered": 0.0, "percent_covered_display": "0", "missing_lines": 53, "excluded_lines": 0}, "missing_lines": [6, 7, 8, 9, 10, 11, 13, 16, 17, 21, 22, 23, 24, 27, 28, 29, 32, 33, 34, 37, 38, 41, 42, 43, 46, 47, 48, 49, 51, 57, 60, 66, 73, 90, 125, 138, 168, 202, 208, 253, 257, 290, 308, 351, 371, 387, 405, 412, 421, 430, 443, 451, 458], "excluded_lines": []}}, "classes": {"CLIConfig": {"executed_lines": [], "summary": {"covered_lines": 0, "num_statements": 2, "percent_covered": 0.0, "percent_covered_display": "0", "missing_lines": 2, "excluded_lines": 0}, "missing_lines": [53, 54], "excluded_lines": []}, "ConfigManager": {"executed_lines": [], "summary": {"covered_lines": 0, "num_statements": 139, "percent_covered": 0.0, "percent_covered_display": "0", "missing_lines": 139, "excluded_lines": 0}, "missing_lines": [62, 63, 64, 68, 69, 70, 71, 75, 84, 85, 86, 88, 104, 105, 106, 108, 109, 110, 111, 113, 116, 117, 119, 121, 122, 123, 133, 134, 136, 140, 143, 157, 158, 159, 161, 166, 175, 184, 187, 194, 195, 196, 197, 200, 204, 205, 206, 223, 224, 226, 227, 228, 231, 233, 235, 236, 237, 238, 240, 247, 249, 250, 251, 255, 273, 274, 275, 278, 279, 280, 281, 282, 283, 284, 285, 286, 288, 306, 327, 328, 331, 332, 335, 337, 338, 339, 345, 346, 347, 349, 362, 363, 365, 366, 367, 369, 378, 380, 381, 383, 394, 396, 397, 398, 399, 400, 401, 403, 407, 408, 409, 410, 414, 415, 417, 418, 419, 423, 424, 425, 428, 432, 433, 435, 436, 438, 439, 441, 445, 446, 449, 453, 454, 455, 456, 471, 473, 474, 476], "excluded_lines": []}, "": {"executed_lines": [], "summary": {"covered_lines": 0, "num_statements": 53, "percent_covered": 0.0, "percent_covered_display": "0", "missing_lines": 53, "excluded_lines": 0}, "missing_lines": [6, 7, 8, 9, 10, 11, 13, 16, 17, 21, 22, 23, 24, 27, 28, 29, 32, 33, 34, 37, 38, 41, 42, 43, 46, 47, 48, 49, 51, 57, 60, 66, 73, 90, 125, 138, 168, 202, 208, 253, 257, 290, 308, 351, 371, 387, 405, 412, 421, 430, 443, 451, 458], "excluded_lines": []}}}, "src/cli/constants.py": {"executed_lines": [], "summary": {"covered_lines": 0, "num_statements": 57, "percent_covered": 0.0, "percent_covered_display": "0", "missing_lines": 57, "excluded_lines": 0}, "missing_lines": [4, 5, 8, 9, 10, 11, 14, 15, 16, 17, 20, 21, 22, 23, 26, 27, 30, 31, 32, 33, 34, 35, 36, 37, 38, 39, 40, 43, 44, 45, 46, 47, 48, 51, 52, 53, 54, 55, 58, 59, 62, 63, 64, 65, 68, 69, 70, 71, 72, 75, 76, 79, 80, 83, 84, 85, 88], "excluded_lines": [], "functions": {"": {"executed_lines": [], "summary": {"covered_lines": 0, "num_statements": 57, "percent_covered": 0.0, "percent_covered_display": "0", "missing_lines": 57, "excluded_lines": 0}, "missing_lines": [4, 5, 8, 9, 10, 11, 14, 15, 16, 17, 20, 21, 22, 23, 26, 27, 30, 31, 32, 33, 34, 35, 36, 37, 38, 39, 40, 43, 44, 45, 46, 47, 48, 51, 52, 53, 54, 55, 58, 59, 62, 63, 64, 65, 68, 69, 70, 71, 72, 75, 76, 79, 80, 83, 84, 85, 88], "excluded_lines": []}}, "classes": {"": {"executed_lines": [], "summary": {"covered_lines": 0, "num_statements": 57, "percent_covered": 0.0, "percent_covered_display": "0", "missing_lines": 57, "excluded_lines": 0}, "missing_lines": [4, 5, 8, 9, 10, 11, 14, 15, 16, 17, 20, 21, 22, 23, 26, 27, 30, 31, 32, 33, 34, 35, 36, 37, 38, 39, 40, 43, 44, 45, 46, 47, 48, 51, 52, 53, 54, 55, 58, 59, 62, 63, 64, 65, 68, 69, 70, 71, 72, 75, 76, 79, 80, 83, 84, 85, 88], "excluded_lines": []}}}, "src/cli/main.py": {"executed_lines": [], "summary": {"covered_lines": 0, "num_statements": 290, "percent_covered": 0.0, "percent_covered_display": "0", "missing_lines": 290, "excluded_lines": 0}, "missing_lines": [3, 4, 5, 6, 7, 8, 9, 10, 11, 13, 14, 15, 17, 24, 25, 31, 34, 37, 40, 43, 44, 47, 48, 49, 50, 51, 52, 56, 57, 60, 61, 62, 65, 66, 69, 70, 73, 76, 78, 79, 80, 84, 87, 88, 89, 90, 95, 96, 114, 115, 116, 119, 120, 121, 124, 125, 126, 128, 129, 130, 134, 137, 138, 141, 142, 145, 146, 153, 160, 167, 173, 178, 183, 184, 205, 210, 214, 222, 225, 228, 235, 236, 237, 238, 239, 241, 243, 244, 245, 253, 254, 256, 257, 259, 261, 262, 265, 267, 269, 270, 271, 276, 278, 280, 281, 283, 284, 285, 286, 287, 288, 290, 291, 293, 294, 296, 298, 299, 300, 301, 302, 303, 305, 307, 308, 310, 311, 312, 313, 315, 322, 323, 324, 326, 333, 334, 336, 337, 338, 339, 340, 342, 343, 345, 347, 348, 349, 350, 351, 352, 353, 355, 357, 358, 359, 360, 362, 364, 365, 366, 367, 369, 371, 372, 373, 374, 375, 376, 378, 380, 382, 389, 394, 396, 397, 398, 399, 400, 402, 404, 405, 406, 407, 409, 411, 417, 418, 419, 420, 421, 422, 423, 424, 426, 428, 429, 430, 431, 432, 433, 434, 436, 438, 439, 440, 441, 443, 445, 451, 452, 454, 455, 456, 457, 458, 459, 461, 462, 463, 467, 469, 471, 478, 479, 480, 481, 482, 483, 485, 487, 488, 489, 490, 491, 495, 498, 499, 500, 501, 502, 505, 507, 508, 509, 510, 511, 515, 516, 517, 520, 522, 523, 524, 528, 529, 532, 541, 544, 545, 546, 548, 549, 550, 551, 553, 554, 557, 558, 562, 563, 565, 566, 568, 569, 570, 572, 573, 577, 580, 581, 582, 583, 585, 586, 587, 591, 592, 596, 599, 600], "excluded_lines": [], "functions": {"CLIContext.__init__": {"executed_lines": [], "summary": {"covered_lines": 0, "num_statements": 3, "percent_covered": 0.0, "percent_covered_display": "0", "missing_lines": 3, "excluded_lines": 0}, "missing_lines": [78, 79, 80], "excluded_lines": []}, "cli": {"executed_lines": [], "summary": {"covered_lines": 0, "num_statements": 17, "percent_covered": 0.0, "percent_covered_display": "0", "missing_lines": 17, "excluded_lines": 0}, "missing_lines": [114, 115, 116, 119, 120, 121, 124, 125, 126, 128, 129, 130, 134, 137, 138, 141, 142], "excluded_lines": []}, "monitor": {"executed_lines": [], "summary": {"covered_lines": 0, "num_statements": 4, "percent_covered": 0.0, "percent_covered_display": "0", "missing_lines": 4, "excluded_lines": 0}, "missing_lines": [205, 210, 214, 222], "excluded_lines": []}, "FileMonitor.__init__": {"executed_lines": [], "summary": {"covered_lines": 0, "num_statements": 5, "percent_covered": 0.0, "percent_covered_display": "0", "missing_lines": 5, "excluded_lines": 0}, "missing_lines": [235, 236, 237, 238, 239], "excluded_lines": []}, "FileMonitor.execute_monitoring": {"executed_lines": [], "summary": {"covered_lines": 0, "num_statements": 11, "percent_covered": 0.0, "percent_covered_display": "0", "missing_lines": 11, "excluded_lines": 0}, "missing_lines": [243, 244, 245, 253, 254, 256, 257, 259, 261, 262, 265], "excluded_lines": []}, "FileMonitor._load_previous_state": {"executed_lines": [], "summary": {"covered_lines": 0, "num_statements": 3, "percent_covered": 0.0, "percent_covered_display": "0", "missing_lines": 3, "excluded_lines": 0}, "missing_lines": [269, 270, 271], "excluded_lines": []}, "FileMonitor._process_existing_files": {"executed_lines": [], "summary": {"covered_lines": 0, "num_statements": 13, "percent_covered": 0.0, "percent_covered_display": "0", "missing_lines": 13, "excluded_lines": 0}, "missing_lines": [278, 280, 281, 283, 284, 285, 286, 287, 288, 290, 291, 293, 294], "excluded_lines": []}, "FileMonitor._start_realtime_monitoring": {"executed_lines": [], "summary": {"covered_lines": 0, "num_statements": 6, "percent_covered": 0.0, "percent_covered_display": "0", "missing_lines": 6, "excluded_lines": 0}, "missing_lines": [298, 299, 300, 301, 302, 303], "excluded_lines": []}, "FileMonitor._check_for_changes": {"executed_lines": [], "summary": {"covered_lines": 0, "num_statements": 6, "percent_covered": 0.0, "percent_covered_display": "0", "missing_lines": 6, "excluded_lines": 0}, "missing_lines": [307, 308, 310, 311, 312, 313], "excluded_lines": []}, "FileMonitor._handle_new_file": {"executed_lines": [], "summary": {"covered_lines": 0, "num_statements": 3, "percent_covered": 0.0, "percent_covered_display": "0", "missing_lines": 3, "excluded_lines": 0}, "missing_lines": [322, 323, 324], "excluded_lines": []}, "FileMonitor._handle_modified_file": {"executed_lines": [], "summary": {"covered_lines": 0, "num_statements": 9, "percent_covered": 0.0, "percent_covered_display": "0", "missing_lines": 9, "excluded_lines": 0}, "missing_lines": [333, 334, 336, 337, 338, 339, 340, 342, 343], "excluded_lines": []}, "FileMonitor._check_for_deleted_files": {"executed_lines": [], "summary": {"covered_lines": 0, "num_statements": 7, "percent_covered": 0.0, "percent_covered_display": "0", "missing_lines": 7, "excluded_lines": 0}, "missing_lines": [347, 348, 349, 350, 351, 352, 353], "excluded_lines": []}, "FileMonitor._process_entire_file": {"executed_lines": [], "summary": {"covered_lines": 0, "num_statements": 4, "percent_covered": 0.0, "percent_covered_display": "0", "missing_lines": 4, "excluded_lines": 0}, "missing_lines": [357, 358, 359, 360], "excluded_lines": []}, "FileMonitor._process_new_file": {"executed_lines": [], "summary": {"covered_lines": 0, "num_statements": 4, "percent_covered": 0.0, "percent_covered_display": "0", "missing_lines": 4, "excluded_lines": 0}, "missing_lines": [364, 365, 366, 367], "excluded_lines": []}, "FileMonitor._process_modified_file": {"executed_lines": [], "summary": {"covered_lines": 0, "num_statements": 6, "percent_covered": 0.0, "percent_covered_display": "0", "missing_lines": 6, "excluded_lines": 0}, "missing_lines": [371, 372, 373, 374, 375, 376], "excluded_lines": []}, "FileMonitor._is_new_file": {"executed_lines": [], "summary": {"covered_lines": 0, "num_statements": 1, "percent_covered": 0.0, "percent_covered_display": "0", "missing_lines": 1, "excluded_lines": 0}, "missing_lines": [380], "excluded_lines": []}, "FileMonitor._is_modified_file": {"executed_lines": [], "summary": {"covered_lines": 0, "num_statements": 1, "percent_covered": 0.0, "percent_covered_display": "0", "missing_lines": 1, "excluded_lines": 0}, "missing_lines": [389], "excluded_lines": []}, "FileMonitor._scan_files": {"executed_lines": [], "summary": {"covered_lines": 0, "num_statements": 5, "percent_covered": 0.0, "percent_covered_display": "0", "missing_lines": 5, "excluded_lines": 0}, "missing_lines": [396, 397, 398, 399, 400], "excluded_lines": []}, "FileMonitor._get_file_info": {"executed_lines": [], "summary": {"covered_lines": 0, "num_statements": 5, "percent_covered": 0.0, "percent_covered_display": "0", "missing_lines": 5, "excluded_lines": 0}, "missing_lines": [404, 405, 406, 407, 409], "excluded_lines": []}, "FileMonitor._read_new_content": {"executed_lines": [], "summary": {"covered_lines": 0, "num_statements": 8, "percent_covered": 0.0, "percent_covered_display": "0", "missing_lines": 8, "excluded_lines": 0}, "missing_lines": [417, 418, 419, 420, 421, 422, 423, 424], "excluded_lines": []}, "FileMonitor._parse_file_lines": {"executed_lines": [], "summary": {"covered_lines": 0, "num_statements": 7, "percent_covered": 0.0, "percent_covered_display": "0", "missing_lines": 7, "excluded_lines": 0}, "missing_lines": [428, 429, 430, 431, 432, 433, 434], "excluded_lines": []}, "FileMonitor._parse_json_line": {"executed_lines": [], "summary": {"covered_lines": 0, "num_statements": 5, "percent_covered": 0.0, "percent_covered_display": "0", "missing_lines": 5, "excluded_lines": 0}, "missing_lines": [438, 439, 440, 441, 443], "excluded_lines": []}, "FileMonitor._write_changes": {"executed_lines": [], "summary": {"covered_lines": 0, "num_statements": 12, "percent_covered": 0.0, "percent_covered_display": "0", "missing_lines": 12, "excluded_lines": 0}, "missing_lines": [451, 452, 454, 455, 456, 457, 458, 459, 461, 462, 463, 467], "excluded_lines": []}, "FileMonitor._save_state": {"executed_lines": [], "summary": {"covered_lines": 0, "num_statements": 7, "percent_covered": 0.0, "percent_covered_display": "0", "missing_lines": 7, "excluded_lines": 0}, "missing_lines": [471, 478, 479, 480, 481, 482, 483], "excluded_lines": []}, "FileMonitor._load_state": {"executed_lines": [], "summary": {"covered_lines": 0, "num_statements": 11, "percent_covered": 0.0, "percent_covered_display": "0", "missing_lines": 11, "excluded_lines": 0}, "missing_lines": [487, 488, 489, 490, 491, 495, 498, 499, 500, 501, 502], "excluded_lines": []}, "_execute_monitor_command": {"executed_lines": [], "summary": {"covered_lines": 0, "num_statements": 8, "percent_covered": 0.0, "percent_covered_display": "0", "missing_lines": 8, "excluded_lines": 0}, "missing_lines": [507, 508, 509, 510, 511, 515, 516, 517], "excluded_lines": []}, "_validate_monitor_directory": {"executed_lines": [], "summary": {"covered_lines": 0, "num_statements": 5, "percent_covered": 0.0, "percent_covered_display": "0", "missing_lines": 5, "excluded_lines": 0}, "missing_lines": [522, 523, 524, 528, 529], "excluded_lines": []}, "_display_monitor_startup": {"executed_lines": [], "summary": {"covered_lines": 0, "num_statements": 10, "percent_covered": 0.0, "percent_covered_display": "0", "missing_lines": 10, "excluded_lines": 0}, "missing_lines": [541, 544, 545, 546, 548, 549, 550, 551, 553, 554], "excluded_lines": []}, "config": {"executed_lines": [], "summary": {"covered_lines": 0, "num_statements": 0, "percent_covered": 100.0, "percent_covered_display": "100", "missing_lines": 0, "excluded_lines": 0}, "missing_lines": [], "excluded_lines": []}, "config_show": {"executed_lines": [], "summary": {"covered_lines": 0, "num_statements": 8, "percent_covered": 0.0, "percent_covered_display": "0", "missing_lines": 8, "excluded_lines": 0}, "missing_lines": [565, 566, 568, 569, 570, 572, 573, 577], "excluded_lines": []}, "config_set": {"executed_lines": [], "summary": {"covered_lines": 0, "num_statements": 6, "percent_covered": 0.0, "percent_covered_display": "0", "missing_lines": 6, "excluded_lines": 0}, "missing_lines": [585, 586, 587, 591, 592, 596], "excluded_lines": []}, "": {"executed_lines": [], "summary": {"covered_lines": 0, "num_statements": 90, "percent_covered": 0.0, "percent_covered_display": "0", "missing_lines": 90, "excluded_lines": 0}, "missing_lines": [3, 4, 5, 6, 7, 8, 9, 10, 11, 13, 14, 15, 17, 24, 25, 31, 34, 37, 40, 43, 44, 47, 48, 49, 50, 51, 52, 56, 57, 60, 61, 62, 65, 66, 69, 70, 73, 76, 84, 87, 88, 89, 90, 95, 96, 145, 146, 153, 160, 167, 173, 178, 183, 184, 225, 228, 241, 267, 276, 296, 305, 315, 326, 345, 355, 362, 369, 378, 382, 394, 402, 411, 426, 436, 445, 469, 485, 505, 520, 532, 557, 558, 562, 563, 580, 581, 582, 583, 599, 600], "excluded_lines": []}}, "classes": {"MonitorConfig": {"executed_lines": [], "summary": {"covered_lines": 0, "num_statements": 0, "percent_covered": 100.0, "percent_covered_display": "100", "missing_lines": 0, "excluded_lines": 0}, "missing_lines": [], "excluded_lines": []}, "MonitorSpec": {"executed_lines": [], "summary": {"covered_lines": 0, "num_statements": 0, "percent_covered": 100.0, "percent_covered_display": "100", "missing_lines": 0, "excluded_lines": 0}, "missing_lines": [], "excluded_lines": []}, "ModeFlags": {"executed_lines": [], "summary": {"covered_lines": 0, "num_statements": 0, "percent_covered": 100.0, "percent_covered_display": "100", "missing_lines": 0, "excluded_lines": 0}, "missing_lines": [], "excluded_lines": []}, "CLIContext": {"executed_lines": [], "summary": {"covered_lines": 0, "num_statements": 3, "percent_covered": 0.0, "percent_covered_display": "0", "missing_lines": 3, "excluded_lines": 0}, "missing_lines": [78, 79, 80], "excluded_lines": []}, "FileMonitor": {"executed_lines": [], "summary": {"covered_lines": 0, "num_statements": 139, "percent_covered": 0.0, "percent_covered_display": "0", "missing_lines": 139, "excluded_lines": 0}, "missing_lines": [235, 236, 237, 238, 239, 243, 244, 245, 253, 254, 256, 257, 259, 261, 262, 265, 269, 270, 271, 278, 280, 281, 283, 284, 285, 286, 287, 288, 290, 291, 293, 294, 298, 299, 300, 301, 302, 303, 307, 308, 310, 311, 312, 313, 322, 323, 324, 333, 334, 336, 337, 338, 339, 340, 342, 343, 347, 348, 349, 350, 351, 352, 353, 357, 358, 359, 360, 364, 365, 366, 367, 371, 372, 373, 374, 375, 376, 380, 389, 396, 397, 398, 399, 400, 404, 405, 406, 407, 409, 417, 418, 419, 420, 421, 422, 423, 424, 428, 429, 430, 431, 432, 433, 434, 438, 439, 440, 441, 443, 451, 452, 454, 455, 456, 457, 458, 459, 461, 462, 463, 467, 471, 478, 479, 480, 481, 482, 483, 487, 488, 489, 490, 491, 495, 498, 499, 500, 501, 502], "excluded_lines": []}, "": {"executed_lines": [], "summary": {"covered_lines": 0, "num_statements": 148, "percent_covered": 0.0, "percent_covered_display": "0", "missing_lines": 148, "excluded_lines": 0}, "missing_lines": [3, 4, 5, 6, 7, 8, 9, 10, 11, 13, 14, 15, 17, 24, 25, 31, 34, 37, 40, 43, 44, 47, 48, 49, 50, 51, 52, 56, 57, 60, 61, 62, 65, 66, 69, 70, 73, 76, 84, 87, 88, 89, 90, 95, 96, 114, 115, 116, 119, 120, 121, 124, 125, 126, 128, 129, 130, 134, 137, 138, 141, 142, 145, 146, 153, 160, 167, 173, 178, 183, 184, 205, 210, 214, 222, 225, 228, 241, 267, 276, 296, 305, 315, 326, 345, 355, 362, 369, 378, 382, 394, 402, 411, 426, 436, 445, 469, 485, 505, 507, 508, 509, 510, 511, 515, 516, 517, 520, 522, 523, 524, 528, 529, 532, 541, 544, 545, 546, 548, 549, 550, 551, 553, 554, 557, 558, 562, 563, 565, 566, 568, 569, 570, 572, 573, 577, 580, 581, 582, 583, 585, 586, 587, 591, 592, 596, 599, 600], "excluded_lines": []}}}, "src/cli/utils.py": {"executed_lines": [], "summary": {"covered_lines": 0, "num_statements": 153, "percent_covered": 0.0, "percent_covered_display": "0", "missing_lines": 153, "excluded_lines": 0}, "missing_lines": [6, 7, 8, 9, 10, 11, 12, 14, 15, 16, 17, 19, 27, 35, 41, 42, 45, 46, 47, 50, 51, 54, 64, 65, 67, 68, 69, 71, 74, 75, 77, 78, 79, 82, 92, 93, 94, 95, 96, 97, 98, 99, 100, 101, 102, 105, 116, 117, 118, 119, 122, 124, 125, 126, 127, 128, 129, 130, 133, 135, 138, 140, 141, 143, 144, 147, 149, 152, 162, 163, 164, 165, 167, 170, 181, 182, 183, 184, 185, 186, 188, 191, 192, 194, 197, 210, 211, 214, 215, 217, 218, 220, 223, 230, 231, 232, 234, 236, 239, 251, 252, 254, 255, 257, 260, 273, 276, 285, 286, 287, 288, 289, 290, 292, 293, 294, 295, 296, 297, 300, 307, 316, 317, 318, 320, 323, 333, 334, 336, 339, 341, 344, 346, 347, 348, 349, 350, 353, 355, 356, 357, 359, 360, 361, 363, 364, 366, 369, 371, 372, 373, 374, 376], "excluded_lines": [], "functions": {"setup_logging": {"executed_lines": [], "summary": {"covered_lines": 0, "num_statements": 8, "percent_covered": 0.0, "percent_covered_display": "0", "missing_lines": 8, "excluded_lines": 0}, "missing_lines": [35, 41, 42, 45, 46, 47, 50, 51], "excluded_lines": []}, "format_size": {"executed_lines": [], "summary": {"covered_lines": 0, "num_statements": 11, "percent_covered": 0.0, "percent_covered_display": "0", "missing_lines": 11, "excluded_lines": 0}, "missing_lines": [64, 65, 67, 68, 69, 71, 74, 75, 77, 78, 79], "excluded_lines": []}, "format_duration": {"executed_lines": [], "summary": {"covered_lines": 0, "num_statements": 11, "percent_covered": 0.0, "percent_covered_display": "0", "missing_lines": 11, "excluded_lines": 0}, "missing_lines": [92, 93, 94, 95, 96, 97, 98, 99, 100, 101, 102], "excluded_lines": []}, "validate_file_access": {"executed_lines": [], "summary": {"covered_lines": 0, "num_statements": 4, "percent_covered": 0.0, "percent_covered_display": "0", "missing_lines": 4, "excluded_lines": 0}, "missing_lines": [116, 117, 118, 119], "excluded_lines": []}, "_check_access_by_mode": {"executed_lines": [], "summary": {"covered_lines": 0, "num_statements": 7, "percent_covered": 0.0, "percent_covered_display": "0", "missing_lines": 7, "excluded_lines": 0}, "missing_lines": [124, 125, 126, 127, 128, 129, 130], "excluded_lines": []}, "_check_read_access": {"executed_lines": [], "summary": {"covered_lines": 0, "num_statements": 1, "percent_covered": 0.0, "percent_covered_display": "0", "missing_lines": 1, "excluded_lines": 0}, "missing_lines": [135], "excluded_lines": []}, "_check_write_access": {"executed_lines": [], "summary": {"covered_lines": 0, "num_statements": 4, "percent_covered": 0.0, "percent_covered_display": "0", "missing_lines": 4, "excluded_lines": 0}, "missing_lines": [140, 141, 143, 144], "excluded_lines": []}, "_check_execute_access": {"executed_lines": [], "summary": {"covered_lines": 0, "num_statements": 1, "percent_covered": 0.0, "percent_covered_display": "0", "missing_lines": 1, "excluded_lines": 0}, "missing_lines": [149], "excluded_lines": []}, "ensure_directory": {"executed_lines": [], "summary": {"covered_lines": 0, "num_statements": 5, "percent_covered": 0.0, "percent_covered_display": "0", "missing_lines": 5, "excluded_lines": 0}, "missing_lines": [162, 163, 164, 165, 167], "excluded_lines": []}, "safe_filename": {"executed_lines": [], "summary": {"covered_lines": 0, "num_statements": 10, "percent_covered": 0.0, "percent_covered_display": "0", "missing_lines": 10, "excluded_lines": 0}, "missing_lines": [181, 182, 183, 184, 185, 186, 188, 191, 192, 194], "excluded_lines": []}, "confirm_destructive_operation": {"executed_lines": [], "summary": {"covered_lines": 0, "num_statements": 7, "percent_covered": 0.0, "percent_covered_display": "0", "missing_lines": 7, "excluded_lines": 0}, "missing_lines": [210, 211, 214, 215, 217, 218, 220], "excluded_lines": []}, "get_terminal_size": {"executed_lines": [], "summary": {"covered_lines": 0, "num_statements": 5, "percent_covered": 0.0, "percent_covered_display": "0", "missing_lines": 5, "excluded_lines": 0}, "missing_lines": [230, 231, 232, 234, 236], "excluded_lines": []}, "truncate_text": {"executed_lines": [], "summary": {"covered_lines": 0, "num_statements": 5, "percent_covered": 0.0, "percent_covered_display": "0", "missing_lines": 5, "excluded_lines": 0}, "missing_lines": [251, 252, 254, 255, 257], "excluded_lines": []}, "parse_size_string": {"executed_lines": [], "summary": {"covered_lines": 0, "num_statements": 14, "percent_covered": 0.0, "percent_covered_display": "0", "missing_lines": 14, "excluded_lines": 0}, "missing_lines": [273, 276, 285, 286, 287, 288, 289, 290, 292, 293, 294, 295, 296, 297], "excluded_lines": []}, "find_config_file": {"executed_lines": [], "summary": {"covered_lines": 0, "num_statements": 5, "percent_covered": 0.0, "percent_covered_display": "0", "missing_lines": 5, "excluded_lines": 0}, "missing_lines": [307, 316, 317, 318, 320], "excluded_lines": []}, "is_jsonl_file": {"executed_lines": [], "summary": {"covered_lines": 0, "num_statements": 3, "percent_covered": 0.0, "percent_covered_display": "0", "missing_lines": 3, "excluded_lines": 0}, "missing_lines": [333, 334, 336], "excluded_lines": []}, "_has_jsonl_extension": {"executed_lines": [], "summary": {"covered_lines": 0, "num_statements": 1, "percent_covered": 0.0, "percent_covered_display": "0", "missing_lines": 1, "excluded_lines": 0}, "missing_lines": [341], "excluded_lines": []}, "_validate_jsonl_content": {"executed_lines": [], "summary": {"covered_lines": 0, "num_statements": 5, "percent_covered": 0.0, "percent_covered_display": "0", "missing_lines": 5, "excluded_lines": 0}, "missing_lines": [346, 347, 348, 349, 350], "excluded_lines": []}, "_check_sample_lines": {"executed_lines": [], "summary": {"covered_lines": 0, "num_statements": 9, "percent_covered": 0.0, "percent_covered_display": "0", "missing_lines": 9, "excluded_lines": 0}, "missing_lines": [355, 356, 357, 359, 360, 361, 363, 364, 366], "excluded_lines": []}, "_is_valid_json_line": {"executed_lines": [], "summary": {"covered_lines": 0, "num_statements": 5, "percent_covered": 0.0, "percent_covered_display": "0", "missing_lines": 5, "excluded_lines": 0}, "missing_lines": [371, 372, 373, 374, 376], "excluded_lines": []}, "": {"executed_lines": [], "summary": {"covered_lines": 0, "num_statements": 32, "percent_covered": 0.0, "percent_covered_display": "0", "missing_lines": 32, "excluded_lines": 0}, "missing_lines": [6, 7, 8, 9, 10, 11, 12, 14, 15, 16, 17, 19, 27, 54, 82, 105, 122, 133, 138, 147, 152, 170, 197, 223, 239, 260, 300, 323, 339, 344, 353, 369], "excluded_lines": []}}, "classes": {"": {"executed_lines": [], "summary": {"covered_lines": 0, "num_statements": 153, "percent_covered": 0.0, "percent_covered_display": "0", "missing_lines": 153, "excluded_lines": 0}, "missing_lines": [6, 7, 8, 9, 10, 11, 12, 14, 15, 16, 17, 19, 27, 35, 41, 42, 45, 46, 47, 50, 51, 54, 64, 65, 67, 68, 69, 71, 74, 75, 77, 78, 79, 82, 92, 93, 94, 95, 96, 97, 98, 99, 100, 101, 102, 105, 116, 117, 118, 119, 122, 124, 125, 126, 127, 128, 129, 130, 133, 135, 138, 140, 141, 143, 144, 147, 149, 152, 162, 163, 164, 165, 167, 170, 181, 182, 183, 184, 185, 186, 188, 191, 192, 194, 197, 210, 211, 214, 215, 217, 218, 220, 223, 230, 231, 232, 234, 236, 239, 251, 252, 254, 255, 257, 260, 273, 276, 285, 286, 287, 288, 289, 290, 292, 293, 294, 295, 296, 297, 300, 307, 316, 317, 318, 320, 323, 333, 334, 336, 339, 341, 344, 346, 347, 348, 349, 350, 353, 355, 356, 357, 359, 360, 361, 363, 364, 366, 369, 371, 372, 373, 374, 376], "excluded_lines": []}}}, "src/common/__init__.py": {"executed_lines": [], "summary": {"covered_lines": 0, "num_statements": 0, "percent_covered": 100.0, "percent_covered_display": "100", "missing_lines": 0, "excluded_lines": 0}, "missing_lines": [], "excluded_lines": [], "functions": {"": {"executed_lines": [], "summary": {"covered_lines": 0, "num_statements": 0, "percent_covered": 100.0, "percent_covered_display": "100", "missing_lines": 0, "excluded_lines": 0}, "missing_lines": [], "excluded_lines": []}}, "classes": {"": {"executed_lines": [], "summary": {"covered_lines": 0, "num_statements": 0, "percent_covered": 100.0, "percent_covered_display": "100", "missing_lines": 0, "excluded_lines": 0}, "missing_lines": [], "excluded_lines": []}}}, "src/common/exceptions.py": {"executed_lines": [], "summary": {"covered_lines": 0, "num_statements": 151, "percent_covered": 0.0, "percent_covered_display": "0", "missing_lines": 151, "excluded_lines": 0}, "missing_lines": [6, 7, 8, 11, 14, 15, 16, 17, 20, 23, 24, 25, 26, 27, 28, 31, 32, 35, 36, 37, 38, 41, 44, 65, 66, 67, 68, 69, 70, 71, 73, 75, 77, 78, 79, 80, 81, 83, 84, 86, 88, 90, 92, 93, 94, 95, 97, 103, 106, 113, 122, 125, 132, 137, 142, 145, 148, 162, 167, 172, 175, 178, 190, 196, 201, 207, 210, 226, 227, 237, 240, 242, 247, 254, 257, 259, 264, 271, 274, 276, 281, 282, 283, 285, 291, 294, 302, 303, 313, 316, 318, 323, 331, 334, 340, 346, 351, 361, 364, 371, 375, 384, 387, 394, 399, 409, 412, 414, 419, 429, 432, 439, 443, 452, 455, 457, 462, 472, 475, 482, 491, 494, 496, 501, 502, 503, 505, 508, 511, 517, 522, 523, 524, 526, 532, 535, 536, 542, 543, 544, 545, 546, 547, 548, 554, 555, 561, 562, 568, 569, 574], "excluded_lines": [], "functions": {"CCMonitorError.__init__": {"executed_lines": [], "summary": {"covered_lines": 0, "num_statements": 7, "percent_covered": 0.0, "percent_covered_display": "0", "missing_lines": 7, "excluded_lines": 0}, "missing_lines": [65, 66, 67, 68, 69, 70, 71], "excluded_lines": []}, "CCMonitorError.__str__": {"executed_lines": [], "summary": {"covered_lines": 0, "num_statements": 9, "percent_covered": 0.0, "percent_covered_display": "0", "missing_lines": 9, "excluded_lines": 0}, "missing_lines": [75, 77, 78, 79, 80, 81, 83, 84, 86], "excluded_lines": []}, "CCMonitorError.get_user_friendly_message": {"executed_lines": [], "summary": {"covered_lines": 0, "num_statements": 6, "percent_covered": 0.0, "percent_covered_display": "0", "missing_lines": 6, "excluded_lines": 0}, "missing_lines": [90, 92, 93, 94, 95, 97], "excluded_lines": []}, "ValidationError.__init__": {"executed_lines": [], "summary": {"covered_lines": 0, "num_statements": 1, "percent_covered": 0.0, "percent_covered_display": "0", "missing_lines": 1, "excluded_lines": 0}, "missing_lines": [113], "excluded_lines": []}, "InvalidJSONLError.__init__": {"executed_lines": [], "summary": {"covered_lines": 0, "num_statements": 3, "percent_covered": 0.0, "percent_covered_display": "0", "missing_lines": 3, "excluded_lines": 0}, "missing_lines": [132, 137, 142], "excluded_lines": []}, "MalformedEntryError.__init__": {"executed_lines": [], "summary": {"covered_lines": 0, "num_statements": 3, "percent_covered": 0.0, "percent_covered_display": "0", "missing_lines": 3, "excluded_lines": 0}, "missing_lines": [162, 167, 172], "excluded_lines": []}, "ConversationFlowError.__init__": {"executed_lines": [], "summary": {"covered_lines": 0, "num_statements": 3, "percent_covered": 0.0, "percent_covered_display": "0", "missing_lines": 3, "excluded_lines": 0}, "missing_lines": [190, 196, 201], "excluded_lines": []}, "IOOperationError.__init__": {"executed_lines": [], "summary": {"covered_lines": 0, "num_statements": 2, "percent_covered": 0.0, "percent_covered_display": "0", "missing_lines": 2, "excluded_lines": 0}, "missing_lines": [226, 227], "excluded_lines": []}, "CCMonitorFileNotFoundError.__init__": {"executed_lines": [], "summary": {"covered_lines": 0, "num_statements": 2, "percent_covered": 0.0, "percent_covered_display": "0", "missing_lines": 2, "excluded_lines": 0}, "missing_lines": [242, 247], "excluded_lines": []}, "FilePermissionError.__init__": {"executed_lines": [], "summary": {"covered_lines": 0, "num_statements": 2, "percent_covered": 0.0, "percent_covered_display": "0", "missing_lines": 2, "excluded_lines": 0}, "missing_lines": [259, 264], "excluded_lines": []}, "DiskSpaceError.__init__": {"executed_lines": [], "summary": {"covered_lines": 0, "num_statements": 5, "percent_covered": 0.0, "percent_covered_display": "0", "missing_lines": 5, "excluded_lines": 0}, "missing_lines": [276, 281, 282, 283, 285], "excluded_lines": []}, "ProcessingError.__init__": {"executed_lines": [], "summary": {"covered_lines": 0, "num_statements": 2, "percent_covered": 0.0, "percent_covered_display": "0", "missing_lines": 2, "excluded_lines": 0}, "missing_lines": [302, 303], "excluded_lines": []}, "CompressionError.__init__": {"executed_lines": [], "summary": {"covered_lines": 0, "num_statements": 2, "percent_covered": 0.0, "percent_covered_display": "0", "missing_lines": 2, "excluded_lines": 0}, "missing_lines": [318, 323], "excluded_lines": []}, "ConversationIntegrityError.__init__": {"executed_lines": [], "summary": {"covered_lines": 0, "num_statements": 3, "percent_covered": 0.0, "percent_covered_display": "0", "missing_lines": 3, "excluded_lines": 0}, "missing_lines": [340, 346, 351], "excluded_lines": []}, "ConfigurationError.__init__": {"executed_lines": [], "summary": {"covered_lines": 0, "num_statements": 2, "percent_covered": 0.0, "percent_covered_display": "0", "missing_lines": 2, "excluded_lines": 0}, "missing_lines": [371, 375], "excluded_lines": []}, "InvalidConfigurationError.__init__": {"executed_lines": [], "summary": {"covered_lines": 0, "num_statements": 2, "percent_covered": 0.0, "percent_covered_display": "0", "missing_lines": 2, "excluded_lines": 0}, "missing_lines": [394, 399], "excluded_lines": []}, "MissingConfigurationError.__init__": {"executed_lines": [], "summary": {"covered_lines": 0, "num_statements": 2, "percent_covered": 0.0, "percent_covered_display": "0", "missing_lines": 2, "excluded_lines": 0}, "missing_lines": [414, 419], "excluded_lines": []}, "UserInputError.__init__": {"executed_lines": [], "summary": {"covered_lines": 0, "num_statements": 2, "percent_covered": 0.0, "percent_covered_display": "0", "missing_lines": 2, "excluded_lines": 0}, "missing_lines": [439, 443], "excluded_lines": []}, "InvalidFilePathError.__init__": {"executed_lines": [], "summary": {"covered_lines": 0, "num_statements": 2, "percent_covered": 0.0, "percent_covered_display": "0", "missing_lines": 2, "excluded_lines": 0}, "missing_lines": [457, 462], "excluded_lines": []}, "CCMonitorSystemError.__init__": {"executed_lines": [], "summary": {"covered_lines": 0, "num_statements": 1, "percent_covered": 0.0, "percent_covered_display": "0", "missing_lines": 1, "excluded_lines": 0}, "missing_lines": [482], "excluded_lines": []}, "InsufficientMemoryError.__init__": {"executed_lines": [], "summary": {"covered_lines": 0, "num_statements": 5, "percent_covered": 0.0, "percent_covered_display": "0", "missing_lines": 5, "excluded_lines": 0}, "missing_lines": [496, 501, 502, 503, 505], "excluded_lines": []}, "DependencyError.__init__": {"executed_lines": [], "summary": {"covered_lines": 0, "num_statements": 5, "percent_covered": 0.0, "percent_covered_display": "0", "missing_lines": 5, "excluded_lines": 0}, "missing_lines": [517, 522, 523, 524, 526], "excluded_lines": []}, "ErrorHandler.handle_file_operation_error": {"executed_lines": [], "summary": {"covered_lines": 0, "num_statements": 7, "percent_covered": 0.0, "percent_covered_display": "0", "missing_lines": 7, "excluded_lines": 0}, "missing_lines": [542, 543, 544, 545, 546, 547, 548], "excluded_lines": []}, "ErrorHandler.handle_validation_error": {"executed_lines": [], "summary": {"covered_lines": 0, "num_statements": 2, "percent_covered": 0.0, "percent_covered_display": "0", "missing_lines": 2, "excluded_lines": 0}, "missing_lines": [561, 562], "excluded_lines": []}, "ErrorHandler.wrap_unexpected_error": {"executed_lines": [], "summary": {"covered_lines": 0, "num_statements": 1, "percent_covered": 0.0, "percent_covered_display": "0", "missing_lines": 1, "excluded_lines": 0}, "missing_lines": [574], "excluded_lines": []}, "": {"executed_lines": [], "summary": {"covered_lines": 0, "num_statements": 70, "percent_covered": 0.0, "percent_covered_display": "0", "missing_lines": 70, "excluded_lines": 0}, "missing_lines": [6, 7, 8, 11, 14, 15, 16, 17, 20, 23, 24, 25, 26, 27, 28, 31, 32, 35, 36, 37, 38, 41, 44, 73, 88, 103, 106, 122, 125, 145, 148, 175, 178, 207, 210, 237, 240, 254, 257, 271, 274, 291, 294, 313, 316, 331, 334, 361, 364, 384, 387, 409, 412, 429, 432, 452, 455, 472, 475, 491, 494, 508, 511, 532, 535, 536, 554, 555, 568, 569], "excluded_lines": []}}, "classes": {"ErrorSeverity": {"executed_lines": [], "summary": {"covered_lines": 0, "num_statements": 0, "percent_covered": 100.0, "percent_covered_display": "100", "missing_lines": 0, "excluded_lines": 0}, "missing_lines": [], "excluded_lines": []}, "ErrorCategory": {"executed_lines": [], "summary": {"covered_lines": 0, "num_statements": 0, "percent_covered": 100.0, "percent_covered_display": "100", "missing_lines": 0, "excluded_lines": 0}, "missing_lines": [], "excluded_lines": []}, "ErrorContext": {"executed_lines": [], "summary": {"covered_lines": 0, "num_statements": 0, "percent_covered": 100.0, "percent_covered_display": "100", "missing_lines": 0, "excluded_lines": 0}, "missing_lines": [], "excluded_lines": []}, "CCMonitorError": {"executed_lines": [], "summary": {"covered_lines": 0, "num_statements": 22, "percent_covered": 0.0, "percent_covered_display": "0", "missing_lines": 22, "excluded_lines": 0}, "missing_lines": [65, 66, 67, 68, 69, 70, 71, 75, 77, 78, 79, 80, 81, 83, 84, 86, 90, 92, 93, 94, 95, 97], "excluded_lines": []}, "ValidationError": {"executed_lines": [], "summary": {"covered_lines": 0, "num_statements": 1, "percent_covered": 0.0, "percent_covered_display": "0", "missing_lines": 1, "excluded_lines": 0}, "missing_lines": [113], "excluded_lines": []}, "InvalidJSONLError": {"executed_lines": [], "summary": {"covered_lines": 0, "num_statements": 3, "percent_covered": 0.0, "percent_covered_display": "0", "missing_lines": 3, "excluded_lines": 0}, "missing_lines": [132, 137, 142], "excluded_lines": []}, "MalformedEntryError": {"executed_lines": [], "summary": {"covered_lines": 0, "num_statements": 3, "percent_covered": 0.0, "percent_covered_display": "0", "missing_lines": 3, "excluded_lines": 0}, "missing_lines": [162, 167, 172], "excluded_lines": []}, "ConversationFlowError": {"executed_lines": [], "summary": {"covered_lines": 0, "num_statements": 3, "percent_covered": 0.0, "percent_covered_display": "0", "missing_lines": 3, "excluded_lines": 0}, "missing_lines": [190, 196, 201], "excluded_lines": []}, "IOOperationError": {"executed_lines": [], "summary": {"covered_lines": 0, "num_statements": 2, "percent_covered": 0.0, "percent_covered_display": "0", "missing_lines": 2, "excluded_lines": 0}, "missing_lines": [226, 227], "excluded_lines": []}, "CCMonitorFileNotFoundError": {"executed_lines": [], "summary": {"covered_lines": 0, "num_statements": 2, "percent_covered": 0.0, "percent_covered_display": "0", "missing_lines": 2, "excluded_lines": 0}, "missing_lines": [242, 247], "excluded_lines": []}, "FilePermissionError": {"executed_lines": [], "summary": {"covered_lines": 0, "num_statements": 2, "percent_covered": 0.0, "percent_covered_display": "0", "missing_lines": 2, "excluded_lines": 0}, "missing_lines": [259, 264], "excluded_lines": []}, "DiskSpaceError": {"executed_lines": [], "summary": {"covered_lines": 0, "num_statements": 5, "percent_covered": 0.0, "percent_covered_display": "0", "missing_lines": 5, "excluded_lines": 0}, "missing_lines": [276, 281, 282, 283, 285], "excluded_lines": []}, "ProcessingError": {"executed_lines": [], "summary": {"covered_lines": 0, "num_statements": 2, "percent_covered": 0.0, "percent_covered_display": "0", "missing_lines": 2, "excluded_lines": 0}, "missing_lines": [302, 303], "excluded_lines": []}, "CompressionError": {"executed_lines": [], "summary": {"covered_lines": 0, "num_statements": 2, "percent_covered": 0.0, "percent_covered_display": "0", "missing_lines": 2, "excluded_lines": 0}, "missing_lines": [318, 323], "excluded_lines": []}, "ConversationIntegrityError": {"executed_lines": [], "summary": {"covered_lines": 0, "num_statements": 3, "percent_covered": 0.0, "percent_covered_display": "0", "missing_lines": 3, "excluded_lines": 0}, "missing_lines": [340, 346, 351], "excluded_lines": []}, "ConfigurationError": {"executed_lines": [], "summary": {"covered_lines": 0, "num_statements": 2, "percent_covered": 0.0, "percent_covered_display": "0", "missing_lines": 2, "excluded_lines": 0}, "missing_lines": [371, 375], "excluded_lines": []}, "InvalidConfigurationError": {"executed_lines": [], "summary": {"covered_lines": 0, "num_statements": 2, "percent_covered": 0.0, "percent_covered_display": "0", "missing_lines": 2, "excluded_lines": 0}, "missing_lines": [394, 399], "excluded_lines": []}, "MissingConfigurationError": {"executed_lines": [], "summary": {"covered_lines": 0, "num_statements": 2, "percent_covered": 0.0, "percent_covered_display": "0", "missing_lines": 2, "excluded_lines": 0}, "missing_lines": [414, 419], "excluded_lines": []}, "UserInputError": {"executed_lines": [], "summary": {"covered_lines": 0, "num_statements": 2, "percent_covered": 0.0, "percent_covered_display": "0", "missing_lines": 2, "excluded_lines": 0}, "missing_lines": [439, 443], "excluded_lines": []}, "InvalidFilePathError": {"executed_lines": [], "summary": {"covered_lines": 0, "num_statements": 2, "percent_covered": 0.0, "percent_covered_display": "0", "missing_lines": 2, "excluded_lines": 0}, "missing_lines": [457, 462], "excluded_lines": []}, "CCMonitorSystemError": {"executed_lines": [], "summary": {"covered_lines": 0, "num_statements": 1, "percent_covered": 0.0, "percent_covered_display": "0", "missing_lines": 1, "excluded_lines": 0}, "missing_lines": [482], "excluded_lines": []}, "InsufficientMemoryError": {"executed_lines": [], "summary": {"covered_lines": 0, "num_statements": 5, "percent_covered": 0.0, "percent_covered_display": "0", "missing_lines": 5, "excluded_lines": 0}, "missing_lines": [496, 501, 502, 503, 505], "excluded_lines": []}, "DependencyError": {"executed_lines": [], "summary": {"covered_lines": 0, "num_statements": 5, "percent_covered": 0.0, "percent_covered_display": "0", "missing_lines": 5, "excluded_lines": 0}, "missing_lines": [517, 522, 523, 524, 526], "excluded_lines": []}, "ErrorHandler": {"executed_lines": [], "summary": {"covered_lines": 0, "num_statements": 10, "percent_covered": 0.0, "percent_covered_display": "0", "missing_lines": 10, "excluded_lines": 0}, "missing_lines": [542, 543, 544, 545, 546, 547, 548, 561, 562, 574], "excluded_lines": []}, "": {"executed_lines": [], "summary": {"covered_lines": 0, "num_statements": 70, "percent_covered": 0.0, "percent_covered_display": "0", "missing_lines": 70, "excluded_lines": 0}, "missing_lines": [6, 7, 8, 11, 14, 15, 16, 17, 20, 23, 24, 25, 26, 27, 28, 31, 32, 35, 36, 37, 38, 41, 44, 73, 88, 103, 106, 122, 125, 145, 148, 175, 178, 207, 210, 237, 240, 254, 257, 271, 274, 291, 294, 313, 316, 331, 334, 361, 364, 384, 387, 409, 412, 429, 432, 452, 455, 472, 475, 491, 494, 508, 511, 532, 535, 536, 554, 555, 568, 569], "excluded_lines": []}}}, "src/config/__init__.py": {"executed_lines": [], "summary": {"covered_lines": 0, "num_statements": 0, "percent_covered": 100.0, "percent_covered_display": "100", "missing_lines": 0, "excluded_lines": 0}, "missing_lines": [], "excluded_lines": [], "functions": {"": {"executed_lines": [], "summary": {"covered_lines": 0, "num_statements": 0, "percent_covered": 100.0, "percent_covered_display": "100", "missing_lines": 0, "excluded_lines": 0}, "missing_lines": [], "excluded_lines": []}}, "classes": {"": {"executed_lines": [], "summary": {"covered_lines": 0, "num_statements": 0, "percent_covered": 100.0, "percent_covered_display": "100", "missing_lines": 0, "excluded_lines": 0}, "missing_lines": [], "excluded_lines": []}}}, "src/tui/__init__.py": {"executed_lines": [1, 3, 4, 5, 7, 8], "summary": {"covered_lines": 5, "num_statements": 5, "percent_covered": 100.0, "percent_covered_display": "100", "missing_lines": 0, "excluded_lines": 0}, "missing_lines": [], "excluded_lines": [], "functions": {"": {"executed_lines": [1, 3, 4, 5, 7, 8], "summary": {"covered_lines": 5, "num_statements": 5, "percent_covered": 100.0, "percent_covered_display": "100", "missing_lines": 0, "excluded_lines": 0}, "missing_lines": [], "excluded_lines": []}}, "classes": {"": {"executed_lines": [1, 3, 4, 5, 7, 8], "summary": {"covered_lines": 5, "num_statements": 5, "percent_covered": 100.0, "percent_covered_display": "100", "missing_lines": 0, "excluded_lines": 0}, "missing_lines": [], "excluded_lines": []}}}, "src/tui/app.py": {"executed_lines": [1, 3, 5, 6, 7, 8, 9, 10, 12, 13, 14, 15, 16, 18, 19, 20, 21, 22, 23, 26, 27, 30, 31, 32, 35, 36, 39, 55, 62, 63, 64, 66, 79, 92, 116, 131, 136, 144, 159, 174, 179, 186, 195, 204, 210, 221, 232, 245, 249, 254, 262, 263, 267, 268, 273, 279, 284], "summary": {"covered_lines": 55, "num_statements": 164, "percent_covered": 33.53658536585366, "percent_covered_display": "34", "missing_lines": 109, "excluded_lines": 0}, "missing_lines": [68, 69, 70, 71, 72, 73, 74, 75, 77, 81, 82, 84, 89, 90, 94, 96, 97, 98, 99, 102, 105, 108, 109, 111, 112, 113, 114, 118, 119, 129, 134, 139, 140, 141, 142, 146, 147, 148, 149, 150, 151, 152, 153, 154, 155, 156, 157, 161, 162, 169, 170, 171, 172, 177, 181, 182, 183, 184, 188, 189, 190, 191, 192, 193, 197, 198, 199, 201, 202, 206, 207, 212, 213, 214, 215, 216, 217, 218, 219, 223, 224, 225, 228, 229, 230, 234, 235, 237, 238, 240, 242, 243, 247, 251, 256, 257, 258, 259, 260, 265, 270, 276, 277, 281, 282, 286, 288, 289, 291], "excluded_lines": [], "functions": {"CCMonitorApp.__init__": {"executed_lines": [], "summary": {"covered_lines": 0, "num_statements": 9, "percent_covered": 0.0, "percent_covered_display": "0", "missing_lines": 9, "excluded_lines": 0}, "missing_lines": [68, 69, 70, 71, 72, 73, 74, 75, 77], "excluded_lines": []}, "CCMonitorApp.setup_logging": {"executed_lines": [], "summary": {"covered_lines": 0, "num_statements": 5, "percent_covered": 0.0, "percent_covered_display": "0", "missing_lines": 5, "excluded_lines": 0}, "missing_lines": [81, 82, 84, 89, 90], "excluded_lines": []}, "CCMonitorApp.on_mount": {"executed_lines": [], "summary": {"covered_lines": 0, "num_statements": 13, "percent_covered": 0.0, "percent_covered_display": "0", "missing_lines": 13, "excluded_lines": 0}, "missing_lines": [94, 96, 97, 98, 99, 102, 105, 108, 109, 111, 112, 113, 114], "excluded_lines": []}, "CCMonitorApp.compose": {"executed_lines": [], "summary": {"covered_lines": 0, "num_statements": 3, "percent_covered": 0.0, "percent_covered_display": "0", "missing_lines": 3, "excluded_lines": 0}, "missing_lines": [118, 119, 129], "excluded_lines": []}, "CCMonitorApp.load_configuration": {"executed_lines": [], "summary": {"covered_lines": 0, "num_statements": 1, "percent_covered": 0.0, "percent_covered_display": "0", "missing_lines": 1, "excluded_lines": 0}, "missing_lines": [134], "excluded_lines": []}, "CCMonitorApp.check_terminal": {"executed_lines": [], "summary": {"covered_lines": 0, "num_statements": 4, "percent_covered": 0.0, "percent_covered_display": "0", "missing_lines": 4, "excluded_lines": 0}, "missing_lines": [139, 140, 141, 142], "excluded_lines": []}, "CCMonitorApp.load_state": {"executed_lines": [], "summary": {"covered_lines": 0, "num_statements": 12, "percent_covered": 0.0, "percent_covered_display": "0", "missing_lines": 12, "excluded_lines": 0}, "missing_lines": [146, 147, 148, 149, 150, 151, 152, 153, 154, 155, 156, 157], "excluded_lines": []}, "CCMonitorApp.save_state": {"executed_lines": [], "summary": {"covered_lines": 0, "num_statements": 6, "percent_covered": 0.0, "percent_covered_display": "0", "missing_lines": 6, "excluded_lines": 0}, "missing_lines": [161, 162, 169, 170, 171, 172], "excluded_lines": []}, "CCMonitorApp.initialize_screens": {"executed_lines": [], "summary": {"covered_lines": 0, "num_statements": 1, "percent_covered": 0.0, "percent_covered_display": "0", "missing_lines": 1, "excluded_lines": 0}, "missing_lines": [177], "excluded_lines": []}, "CCMonitorApp.start_monitoring": {"executed_lines": [], "summary": {"covered_lines": 0, "num_statements": 4, "percent_covered": 0.0, "percent_covered_display": "0", "missing_lines": 4, "excluded_lines": 0}, "missing_lines": [181, 182, 183, 184], "excluded_lines": []}, "CCMonitorApp.stop_monitoring": {"executed_lines": [], "summary": {"covered_lines": 0, "num_statements": 6, "percent_covered": 0.0, "percent_covered_display": "0", "missing_lines": 6, "excluded_lines": 0}, "missing_lines": [188, 189, 190, 191, 192, 193], "excluded_lines": []}, "CCMonitorApp._monitor_loop": {"executed_lines": [], "summary": {"covered_lines": 0, "num_statements": 5, "percent_covered": 0.0, "percent_covered_display": "0", "missing_lines": 5, "excluded_lines": 0}, "missing_lines": [197, 198, 199, 201, 202], "excluded_lines": []}, "CCMonitorApp.cleanup": {"executed_lines": [], "summary": {"covered_lines": 0, "num_statements": 2, "percent_covered": 0.0, "percent_covered_display": "0", "missing_lines": 2, "excluded_lines": 0}, "missing_lines": [206, 207], "excluded_lines": []}, "CCMonitorApp.action_quit": {"executed_lines": [], "summary": {"covered_lines": 0, "num_statements": 8, "percent_covered": 0.0, "percent_covered_display": "0", "missing_lines": 8, "excluded_lines": 0}, "missing_lines": [212, 213, 214, 215, 216, 217, 218, 219], "excluded_lines": []}, "CCMonitorApp.action_toggle_help": {"executed_lines": [], "summary": {"covered_lines": 0, "num_statements": 6, "percent_covered": 0.0, "percent_covered_display": "0", "missing_lines": 6, "excluded_lines": 0}, "missing_lines": [223, 224, 225, 228, 229, 230], "excluded_lines": []}, "CCMonitorApp.action_toggle_pause": {"executed_lines": [], "summary": {"covered_lines": 0, "num_statements": 7, "percent_covered": 0.0, "percent_covered_display": "0", "missing_lines": 7, "excluded_lines": 0}, "missing_lines": [234, 235, 237, 238, 240, 242, 243], "excluded_lines": []}, "CCMonitorApp.action_show_filter": {"executed_lines": [], "summary": {"covered_lines": 0, "num_statements": 1, "percent_covered": 0.0, "percent_covered_display": "0", "missing_lines": 1, "excluded_lines": 0}, "missing_lines": [247], "excluded_lines": []}, "CCMonitorApp.action_refresh": {"executed_lines": [], "summary": {"covered_lines": 0, "num_statements": 1, "percent_covered": 0.0, "percent_covered_display": "0", "missing_lines": 1, "excluded_lines": 0}, "missing_lines": [251], "excluded_lines": []}, "CCMonitorApp.action_toggle_dark": {"executed_lines": [], "summary": {"covered_lines": 0, "num_statements": 5, "percent_covered": 0.0, "percent_covered_display": "0", "missing_lines": 5, "excluded_lines": 0}, "missing_lines": [256, 257, 258, 259, 260], "excluded_lines": []}, "CCMonitorApp.dark": {"executed_lines": [], "summary": {"covered_lines": 0, "num_statements": 1, "percent_covered": 0.0, "percent_covered_display": "0", "missing_lines": 1, "excluded_lines": 0}, "missing_lines": [270], "excluded_lines": []}, "CCMonitorApp.watch_is_paused": {"executed_lines": [], "summary": {"covered_lines": 0, "num_statements": 2, "percent_covered": 0.0, "percent_covered_display": "0", "missing_lines": 2, "excluded_lines": 0}, "missing_lines": [276, 277], "excluded_lines": []}, "CCMonitorApp.watch_active_project": {"executed_lines": [], "summary": {"covered_lines": 0, "num_statements": 2, "percent_covered": 0.0, "percent_covered_display": "0", "missing_lines": 2, "excluded_lines": 0}, "missing_lines": [281, 282], "excluded_lines": []}, "CCMonitorApp.on_exception": {"executed_lines": [], "summary": {"covered_lines": 0, "num_statements": 4, "percent_covered": 0.0, "percent_covered_display": "0", "missing_lines": 4, "excluded_lines": 0}, "missing_lines": [286, 288, 289, 291], "excluded_lines": []}, "": {"executed_lines": [1, 3, 5, 6, 7, 8, 9, 10, 12, 13, 14, 15, 16, 18, 19, 20, 21, 22, 23, 26, 27, 30, 31, 32, 35, 36, 39, 55, 62, 63, 64, 66, 79, 92, 116, 131, 136, 144, 159, 174, 179, 186, 195, 204, 210, 221, 232, 245, 249, 254, 262, 263, 267, 268, 273, 279, 284], "summary": {"covered_lines": 55, "num_statements": 55, "percent_covered": 100.0, "percent_covered_display": "100", "missing_lines": 0, "excluded_lines": 0}, "missing_lines": [], "excluded_lines": []}}, "classes": {"CCMonitorApp": {"executed_lines": [], "summary": {"covered_lines": 0, "num_statements": 109, "percent_covered": 0.0, "percent_covered_display": "0", "missing_lines": 109, "excluded_lines": 0}, "missing_lines": [68, 69, 70, 71, 72, 73, 74, 75, 77, 81, 82, 84, 89, 90, 94, 96, 97, 98, 99, 102, 105, 108, 109, 111, 112, 113, 114, 118, 119, 129, 134, 139, 140, 141, 142, 146, 147, 148, 149, 150, 151, 152, 153, 154, 155, 156, 157, 161, 162, 169, 170, 171, 172, 177, 181, 182, 183, 184, 188, 189, 190, 191, 192, 193, 197, 198, 199, 201, 202, 206, 207, 212, 213, 214, 215, 216, 217, 218, 219, 223, 224, 225, 228, 229, 230, 234, 235, 237, 238, 240, 242, 243, 247, 251, 256, 257, 258, 259, 260, 265, 270, 276, 277, 281, 282, 286, 288, 289, 291], "excluded_lines": []}, "": {"executed_lines": [1, 3, 5, 6, 7, 8, 9, 10, 12, 13, 14, 15, 16, 18, 19, 20, 21, 22, 23, 26, 27, 30, 31, 32, 35, 36, 39, 55, 62, 63, 64, 66, 79, 92, 116, 131, 136, 144, 159, 174, 179, 186, 195, 204, 210, 221, 232, 245, 249, 254, 262, 263, 267, 268, 273, 279, 284], "summary": {"covered_lines": 55, "num_statements": 55, "percent_covered": 100.0, "percent_covered_display": "100", "missing_lines": 0, "excluded_lines": 0}, "missing_lines": [], "excluded_lines": []}}}, "src/tui/config.py": {"executed_lines": [1, 3, 4, 5, 7, 10, 11, 12, 15, 16, 19, 20, 21, 24, 25, 26, 27, 30, 31, 32, 35, 36, 37, 40, 41, 42, 44, 52, 73, 90, 93], "summary": {"covered_lines": 29, "num_statements": 53, "percent_covered": 54.716981132075475, "percent_covered_display": "55", "missing_lines": 24, "excluded_lines": 0}, "missing_lines": [46, 47, 48, 49, 54, 55, 57, 58, 59, 60, 61, 62, 63, 64, 70, 75, 76, 78, 80, 85, 86, 96, 97, 98], "excluded_lines": [], "functions": {"TUIConfig.__post_init__": {"executed_lines": [], "summary": {"covered_lines": 0, "num_statements": 4, "percent_covered": 0.0, "percent_covered_display": "0", "missing_lines": 4, "excluded_lines": 0}, "missing_lines": [46, 47, 48, 49], "excluded_lines": []}, "load_config": {"executed_lines": [], "summary": {"covered_lines": 0, "num_statements": 11, "percent_covered": 0.0, "percent_covered_display": "0", "missing_lines": 11, "excluded_lines": 0}, "missing_lines": [54, 55, 57, 58, 59, 60, 61, 62, 63, 64, 70], "excluded_lines": []}, "save_config": {"executed_lines": [], "summary": {"covered_lines": 0, "num_statements": 6, "percent_covered": 0.0, "percent_covered_display": "0", "missing_lines": 6, "excluded_lines": 0}, "missing_lines": [75, 76, 78, 80, 85, 86], "excluded_lines": []}, "get_config": {"executed_lines": [], "summary": {"covered_lines": 0, "num_statements": 3, "percent_covered": 0.0, "percent_covered_display": "0", "missing_lines": 3, "excluded_lines": 0}, "missing_lines": [96, 97, 98], "excluded_lines": []}, "": {"executed_lines": [1, 3, 4, 5, 7, 10, 11, 12, 15, 16, 19, 20, 21, 24, 25, 26, 27, 30, 31, 32, 35, 36, 37, 40, 41, 42, 44, 52, 73, 90, 93], "summary": {"covered_lines": 29, "num_statements": 29, "percent_covered": 100.0, "percent_covered_display": "100", "missing_lines": 0, "excluded_lines": 0}, "missing_lines": [], "excluded_lines": []}}, "classes": {"TUIConfig": {"executed_lines": [], "summary": {"covered_lines": 0, "num_statements": 4, "percent_covered": 0.0, "percent_covered_display": "0", "missing_lines": 4, "excluded_lines": 0}, "missing_lines": [46, 47, 48, 49], "excluded_lines": []}, "": {"executed_lines": [1, 3, 4, 5, 7, 10, 11, 12, 15, 16, 19, 20, 21, 24, 25, 26, 27, 30, 31, 32, 35, 36, 37, 40, 41, 42, 44, 52, 73, 90, 93], "summary": {"covered_lines": 29, "num_statements": 49, "percent_covered": 59.183673469387756, "percent_covered_display": "59", "missing_lines": 20, "excluded_lines": 0}, "missing_lines": [54, 55, 57, 58, 59, 60, 61, 62, 63, 64, 70, 75, 76, 78, 80, 85, 86, 96, 97, 98], "excluded_lines": []}}}, "src/tui/exceptions.py": {"executed_lines": [1, 3, 4, 5, 8, 9, 11, 25, 37, 38, 41, 42, 44, 56, 57, 59, 73, 74, 76, 90, 91, 94, 95, 97, 109, 110, 112], "summary": {"covered_lines": 18, "num_statements": 40, "percent_covered": 45.0, "percent_covered_display": "45", "missing_lines": 22, "excluded_lines": 0}, "missing_lines": [18, 19, 20, 21, 22, 23, 27, 52, 53, 67, 68, 69, 70, 84, 85, 86, 87, 104, 105, 106, 120, 121], "excluded_lines": [], "functions": {"TUIError.__init__": {"executed_lines": [], "summary": {"covered_lines": 0, "num_statements": 6, "percent_covered": 0.0, "percent_covered_display": "0", "missing_lines": 6, "excluded_lines": 0}, "missing_lines": [18, 19, 20, 21, 22, 23], "excluded_lines": []}, "TUIError.to_dict": {"executed_lines": [], "summary": {"covered_lines": 0, "num_statements": 1, "percent_covered": 0.0, "percent_covered_display": "0", "missing_lines": 1, "excluded_lines": 0}, "missing_lines": [27], "excluded_lines": []}, "TerminalError.__init__": {"executed_lines": [], "summary": {"covered_lines": 0, "num_statements": 2, "percent_covered": 0.0, "percent_covered_display": "0", "missing_lines": 2, "excluded_lines": 0}, "missing_lines": [52, 53], "excluded_lines": []}, "RenderingError.__init__": {"executed_lines": [], "summary": {"covered_lines": 0, "num_statements": 4, "percent_covered": 0.0, "percent_covered_display": "0", "missing_lines": 4, "excluded_lines": 0}, "missing_lines": [67, 68, 69, 70], "excluded_lines": []}, "NavigationError.__init__": {"executed_lines": [], "summary": {"covered_lines": 0, "num_statements": 4, "percent_covered": 0.0, "percent_covered_display": "0", "missing_lines": 4, "excluded_lines": 0}, "missing_lines": [84, 85, 86, 87], "excluded_lines": []}, "ThemeError.__init__": {"executed_lines": [], "summary": {"covered_lines": 0, "num_statements": 3, "percent_covered": 0.0, "percent_covered_display": "0", "missing_lines": 3, "excluded_lines": 0}, "missing_lines": [104, 105, 106], "excluded_lines": []}, "RecoverableError.__init__": {"executed_lines": [], "summary": {"covered_lines": 0, "num_statements": 2, "percent_covered": 0.0, "percent_covered_display": "0", "missing_lines": 2, "excluded_lines": 0}, "missing_lines": [120, 121], "excluded_lines": []}, "": {"executed_lines": [1, 3, 4, 5, 8, 9, 11, 25, 37, 38, 41, 42, 44, 56, 57, 59, 73, 74, 76, 90, 91, 94, 95, 97, 109, 110, 112], "summary": {"covered_lines": 18, "num_statements": 18, "percent_covered": 100.0, "percent_covered_display": "100", "missing_lines": 0, "excluded_lines": 0}, "missing_lines": [], "excluded_lines": []}}, "classes": {"TUIError": {"executed_lines": [], "summary": {"covered_lines": 0, "num_statements": 7, "percent_covered": 0.0, "percent_covered_display": "0", "missing_lines": 7, "excluded_lines": 0}, "missing_lines": [18, 19, 20, 21, 22, 23, 27], "excluded_lines": []}, "StartupError": {"executed_lines": [], "summary": {"covered_lines": 0, "num_statements": 0, "percent_covered": 100.0, "percent_covered_display": "100", "missing_lines": 0, "excluded_lines": 0}, "missing_lines": [], "excluded_lines": []}, "TerminalError": {"executed_lines": [], "summary": {"covered_lines": 0, "num_statements": 2, "percent_covered": 0.0, "percent_covered_display": "0", "missing_lines": 2, "excluded_lines": 0}, "missing_lines": [52, 53], "excluded_lines": []}, "RenderingError": {"executed_lines": [], "summary": {"covered_lines": 0, "num_statements": 4, "percent_covered": 0.0, "percent_covered_display": "0", "missing_lines": 4, "excluded_lines": 0}, "missing_lines": [67, 68, 69, 70], "excluded_lines": []}, "NavigationError": {"executed_lines": [], "summary": {"covered_lines": 0, "num_statements": 4, "percent_covered": 0.0, "percent_covered_display": "0", "missing_lines": 4, "excluded_lines": 0}, "missing_lines": [84, 85, 86, 87], "excluded_lines": []}, "ConfigurationError": {"executed_lines": [], "summary": {"covered_lines": 0, "num_statements": 0, "percent_covered": 100.0, "percent_covered_display": "100", "missing_lines": 0, "excluded_lines": 0}, "missing_lines": [], "excluded_lines": []}, "ThemeError": {"executed_lines": [], "summary": {"covered_lines": 0, "num_statements": 3, "percent_covered": 0.0, "percent_covered_display": "0", "missing_lines": 3, "excluded_lines": 0}, "missing_lines": [104, 105, 106], "excluded_lines": []}, "RecoverableError": {"executed_lines": [], "summary": {"covered_lines": 0, "num_statements": 2, "percent_covered": 0.0, "percent_covered_display": "0", "missing_lines": 2, "excluded_lines": 0}, "missing_lines": [120, 121], "excluded_lines": []}, "": {"executed_lines": [1, 3, 4, 5, 8, 9, 11, 25, 37, 38, 41, 42, 44, 56, 57, 59, 73, 74, 76, 90, 91, 94, 95, 97, 109, 110, 112], "summary": {"covered_lines": 18, "num_statements": 18, "percent_covered": 100.0, "percent_covered_display": "100", "missing_lines": 0, "excluded_lines": 0}, "missing_lines": [], "excluded_lines": []}}}, "src/tui/screens/__init__.py": {"executed_lines": [1, 3, 4, 5, 7], "summary": {"covered_lines": 4, "num_statements": 4, "percent_covered": 100.0, "percent_covered_display": "100", "missing_lines": 0, "excluded_lines": 0}, "missing_lines": [], "excluded_lines": [], "functions": {"": {"executed_lines": [1, 3, 4, 5, 7], "summary": {"covered_lines": 4, "num_statements": 4, "percent_covered": 100.0, "percent_covered_display": "100", "missing_lines": 0, "excluded_lines": 0}, "missing_lines": [], "excluded_lines": []}}, "classes": {"": {"executed_lines": [1, 3, 4, 5, 7], "summary": {"covered_lines": 4, "num_statements": 4, "percent_covered": 100.0, "percent_covered_display": "100", "missing_lines": 0, "excluded_lines": 0}, "missing_lines": [], "excluded_lines": []}}}, "src/tui/screens/error_screen.py": {"executed_lines": [1, 3, 5, 7, 8, 9, 11, 16, 17, 19, 27, 39, 61, 65], "summary": {"covered_lines": 11, "num_statements": 16, "percent_covered": 68.75, "percent_covered_display": "69", "missing_lines": 5, "excluded_lines": 3}, "missing_lines": [36, 37, 41, 63, 67], "excluded_lines": [11, 12, 13], "functions": {"ErrorScreen.__init__": {"executed_lines": [], "summary": {"covered_lines": 0, "num_statements": 2, "percent_covered": 0.0, "percent_covered_display": "0", "missing_lines": 2, "excluded_lines": 0}, "missing_lines": [36, 37], "excluded_lines": []}, "ErrorScreen.compose": {"executed_lines": [], "summary": {"covered_lines": 0, "num_statements": 1, "percent_covered": 0.0, "percent_covered_display": "0", "missing_lines": 1, "excluded_lines": 0}, "missing_lines": [41], "excluded_lines": []}, "ErrorScreen.on_mount": {"executed_lines": [], "summary": {"covered_lines": 0, "num_statements": 1, "percent_covered": 0.0, "percent_covered_display": "0", "missing_lines": 1, "excluded_lines": 0}, "missing_lines": [63], "excluded_lines": []}, "ErrorScreen.action_acknowledge": {"executed_lines": [], "summary": {"covered_lines": 0, "num_statements": 1, "percent_covered": 0.0, "percent_covered_display": "0", "missing_lines": 1, "excluded_lines": 0}, "missing_lines": [67], "excluded_lines": []}, "": {"executed_lines": [1, 3, 5, 7, 8, 9, 11, 16, 17, 19, 27, 39, 61, 65], "summary": {"covered_lines": 11, "num_statements": 11, "percent_covered": 100.0, "percent_covered_display": "100", "missing_lines": 0, "excluded_lines": 3}, "missing_lines": [], "excluded_lines": [11, 12, 13]}}, "classes": {"ErrorScreen": {"executed_lines": [], "summary": {"covered_lines": 0, "num_statements": 5, "percent_covered": 0.0, "percent_covered_display": "0", "missing_lines": 5, "excluded_lines": 0}, "missing_lines": [36, 37, 41, 63, 67], "excluded_lines": []}, "": {"executed_lines": [1, 3, 5, 7, 8, 9, 11, 16, 17, 19, 27, 39, 61, 65], "summary": {"covered_lines": 11, "num_statements": 11, "percent_covered": 100.0, "percent_covered_display": "100", "missing_lines": 0, "excluded_lines": 3}, "missing_lines": [], "excluded_lines": [11, 12, 13]}}}, "src/tui/screens/help_screen.py": {"executed_lines": [1, 3, 5, 7, 8, 13, 14, 16, 18, 22, 23, 25, 123, 135, 153, 197, 244, 309, 353, 370, 383, 398, 404, 412, 420, 428], "summary": {"covered_lines": 23, "num_statements": 94, "percent_covered": 24.46808510638298, "percent_covered_display": "24", "missing_lines": 71, "excluded_lines": 2}, "missing_lines": [137, 138, 142, 143, 144, 145, 146, 147, 148, 149, 150, 151, 155, 199, 202, 205, 208, 211, 214, 217, 220, 223, 224, 225, 242, 246, 247, 248, 250, 311, 355, 372, 375, 376, 377, 378, 379, 381, 385, 388, 389, 392, 393, 394, 395, 396, 401, 402, 406, 407, 408, 409, 410, 414, 415, 416, 417, 418, 422, 423, 424, 425, 426, 430, 431, 432, 433, 434, 435, 436, 437], "excluded_lines": [18, 19], "functions": {"HelpOverlay.compose": {"executed_lines": [], "summary": {"covered_lines": 0, "num_statements": 12, "percent_covered": 0.0, "percent_covered_display": "0", "missing_lines": 12, "excluded_lines": 0}, "missing_lines": [137, 138, 142, 143, 144, 145, 146, 147, 148, 149, 150, 151], "excluded_lines": []}, "HelpOverlay._create_navigation_help": {"executed_lines": [], "summary": {"covered_lines": 0, "num_statements": 1, "percent_covered": 0.0, "percent_covered_display": "0", "missing_lines": 1, "excluded_lines": 0}, "missing_lines": [155], "excluded_lines": []}, "HelpOverlay._create_shortcuts_help": {"executed_lines": [], "summary": {"covered_lines": 0, "num_statements": 12, "percent_covered": 0.0, "percent_covered_display": "0", "missing_lines": 12, "excluded_lines": 0}, "missing_lines": [199, 202, 205, 208, 211, 214, 217, 220, 223, 224, 225, 242], "excluded_lines": []}, "HelpOverlay._create_focus_help": {"executed_lines": [], "summary": {"covered_lines": 0, "num_statements": 4, "percent_covered": 0.0, "percent_covered_display": "0", "missing_lines": 4, "excluded_lines": 0}, "missing_lines": [246, 247, 248, 250], "excluded_lines": []}, "HelpOverlay._create_status_help": {"executed_lines": [], "summary": {"covered_lines": 0, "num_statements": 1, "percent_covered": 0.0, "percent_covered_display": "0", "missing_lines": 1, "excluded_lines": 0}, "missing_lines": [311], "excluded_lines": []}, "HelpOverlay._create_footer": {"executed_lines": [], "summary": {"covered_lines": 0, "num_statements": 1, "percent_covered": 0.0, "percent_covered_display": "0", "missing_lines": 1, "excluded_lines": 0}, "missing_lines": [355], "excluded_lines": []}, "HelpOverlay._get_dynamic_shortcuts": {"executed_lines": [], "summary": {"covered_lines": 0, "num_statements": 7, "percent_covered": 0.0, "percent_covered_display": "0", "missing_lines": 7, "excluded_lines": 0}, "missing_lines": [372, 375, 376, 377, 378, 379, 381], "excluded_lines": []}, "HelpOverlay.on_mount": {"executed_lines": [], "summary": {"covered_lines": 0, "num_statements": 8, "percent_covered": 0.0, "percent_covered_display": "0", "missing_lines": 8, "excluded_lines": 0}, "missing_lines": [385, 388, 389, 392, 393, 394, 395, 396], "excluded_lines": []}, "HelpOverlay.action_dismiss": {"executed_lines": [], "summary": {"covered_lines": 0, "num_statements": 2, "percent_covered": 0.0, "percent_covered_display": "0", "missing_lines": 2, "excluded_lines": 0}, "missing_lines": [401, 402], "excluded_lines": []}, "HelpOverlay.action_show_navigation": {"executed_lines": [], "summary": {"covered_lines": 0, "num_statements": 5, "percent_covered": 0.0, "percent_covered_display": "0", "missing_lines": 5, "excluded_lines": 0}, "missing_lines": [406, 407, 408, 409, 410], "excluded_lines": []}, "HelpOverlay.action_show_shortcuts": {"executed_lines": [], "summary": {"covered_lines": 0, "num_statements": 5, "percent_covered": 0.0, "percent_covered_display": "0", "missing_lines": 5, "excluded_lines": 0}, "missing_lines": [414, 415, 416, 417, 418], "excluded_lines": []}, "HelpOverlay.action_show_focus": {"executed_lines": [], "summary": {"covered_lines": 0, "num_statements": 5, "percent_covered": 0.0, "percent_covered_display": "0", "missing_lines": 5, "excluded_lines": 0}, "missing_lines": [422, 423, 424, 425, 426], "excluded_lines": []}, "HelpOverlay.on_button_pressed": {"executed_lines": [], "summary": {"covered_lines": 0, "num_statements": 8, "percent_covered": 0.0, "percent_covered_display": "0", "missing_lines": 8, "excluded_lines": 0}, "missing_lines": [430, 431, 432, 433, 434, 435, 436, 437], "excluded_lines": []}, "": {"executed_lines": [1, 3, 5, 7, 8, 13, 14, 16, 18, 22, 23, 25, 123, 135, 153, 197, 244, 309, 353, 370, 383, 398, 404, 412, 420, 428], "summary": {"covered_lines": 23, "num_statements": 23, "percent_covered": 100.0, "percent_covered_display": "100", "missing_lines": 0, "excluded_lines": 2}, "missing_lines": [], "excluded_lines": [18, 19]}}, "classes": {"HelpOverlay": {"executed_lines": [], "summary": {"covered_lines": 0, "num_statements": 71, "percent_covered": 0.0, "percent_covered_display": "0", "missing_lines": 71, "excluded_lines": 0}, "missing_lines": [137, 138, 142, 143, 144, 145, 146, 147, 148, 149, 150, 151, 155, 199, 202, 205, 208, 211, 214, 217, 220, 223, 224, 225, 242, 246, 247, 248, 250, 311, 355, 372, 375, 376, 377, 378, 379, 381, 385, 388, 389, 392, 393, 394, 395, 396, 401, 402, 406, 407, 408, 409, 410, 414, 415, 416, 417, 418, 422, 423, 424, 425, 426, 430, 431, 432, 433, 434, 435, 436, 437], "excluded_lines": []}, "": {"executed_lines": [1, 3, 5, 7, 8, 13, 14, 16, 18, 22, 23, 25, 123, 135, 153, 197, 244, 309, 353, 370, 383, 398, 404, 412, 420, 428], "summary": {"covered_lines": 23, "num_statements": 23, "percent_covered": 100.0, "percent_covered_display": "100", "missing_lines": 0, "excluded_lines": 2}, "missing_lines": [], "excluded_lines": [18, 19]}}}, "src/tui/screens/main_screen.py": {"executed_lines": [1, 3, 5, 7, 8, 9, 11, 12, 18, 19, 20, 21, 22, 24, 30, 31, 32, 33, 36, 37, 39, 55, 101, 116, 129, 148, 166, 177, 187, 191, 195, 205, 217, 228, 240, 252, 258, 264, 278, 292, 296, 300, 308, 316, 326, 332, 345, 353, 362, 385, 417, 422, 436, 454, 469, 477], "summary": {"covered_lines": 53, "num_statements": 212, "percent_covered": 25.0, "percent_covered_display": "25", "missing_lines": 159, "excluded_lines": 4}, "missing_lines": [103, 104, 105, 106, 110, 114, 118, 121, 124, 127, 132, 138, 140, 146, 151, 154, 155, 156, 157, 158, 159, 160, 161, 162, 164, 168, 169, 170, 171, 172, 173, 175, 183, 184, 185, 189, 193, 197, 198, 199, 200, 201, 202, 203, 207, 209, 210, 211, 212, 213, 214, 215, 220, 221, 222, 225, 226, 230, 234, 235, 238, 242, 246, 247, 250, 254, 255, 256, 260, 261, 262, 266, 267, 268, 271, 275, 276, 280, 281, 282, 285, 289, 290, 294, 298, 302, 303, 304, 306, 310, 311, 312, 314, 318, 319, 320, 322, 324, 328, 329, 330, 334, 335, 338, 339, 340, 343, 347, 348, 349, 351, 355, 356, 357, 358, 359, 360, 364, 367, 368, 369, 375, 378, 383, 392, 393, 394, 395, 397, 398, 403, 405, 410, 412, 414, 415, 420, 429, 430, 433, 434, 443, 444, 445, 447, 448, 449, 450, 452, 461, 462, 472, 473, 474, 475, 480, 481, 482, 483], "excluded_lines": [24, 25, 26, 27], "functions": {"MainScreen.compose": {"executed_lines": [], "summary": {"covered_lines": 0, "num_statements": 6, "percent_covered": 0.0, "percent_covered_display": "0", "missing_lines": 6, "excluded_lines": 0}, "missing_lines": [103, 104, 105, 106, 110, 114], "excluded_lines": []}, "MainScreen.on_mount": {"executed_lines": [], "summary": {"covered_lines": 0, "num_statements": 4, "percent_covered": 0.0, "percent_covered_display": "0", "missing_lines": 4, "excluded_lines": 0}, "missing_lines": [118, 121, 124, 127], "excluded_lines": []}, "MainScreen._setup_focus_management": {"executed_lines": [], "summary": {"covered_lines": 0, "num_statements": 4, "percent_covered": 0.0, "percent_covered_display": "0", "missing_lines": 4, "excluded_lines": 0}, "missing_lines": [132, 138, 140, 146], "excluded_lines": []}, "MainScreen._initialize_focus": {"executed_lines": [], "summary": {"covered_lines": 0, "num_statements": 11, "percent_covered": 0.0, "percent_covered_display": "0", "missing_lines": 11, "excluded_lines": 0}, "missing_lines": [151, 154, 155, 156, 157, 158, 159, 160, 161, 162, 164], "excluded_lines": []}, "MainScreen._fallback_focus": {"executed_lines": [], "summary": {"covered_lines": 0, "num_statements": 7, "percent_covered": 0.0, "percent_covered_display": "0", "missing_lines": 7, "excluded_lines": 0}, "missing_lines": [168, 169, 170, 171, 172, 173, 175], "excluded_lines": []}, "MainScreen._setup_responsive_behavior": {"executed_lines": [], "summary": {"covered_lines": 0, "num_statements": 3, "percent_covered": 0.0, "percent_covered_display": "0", "missing_lines": 3, "excluded_lines": 0}, "missing_lines": [183, 184, 185], "excluded_lines": []}, "MainScreen.action_focus_projects_panel": {"executed_lines": [], "summary": {"covered_lines": 0, "num_statements": 1, "percent_covered": 0.0, "percent_covered_display": "0", "missing_lines": 1, "excluded_lines": 0}, "missing_lines": [189], "excluded_lines": []}, "MainScreen.action_focus_feed_panel": {"executed_lines": [], "summary": {"covered_lines": 0, "num_statements": 1, "percent_covered": 0.0, "percent_covered_display": "0", "missing_lines": 1, "excluded_lines": 0}, "missing_lines": [193], "excluded_lines": []}, "MainScreen._focus_panel_safely": {"executed_lines": [], "summary": {"covered_lines": 0, "num_statements": 7, "percent_covered": 0.0, "percent_covered_display": "0", "missing_lines": 7, "excluded_lines": 0}, 
[...]
 [], "summary": {"covered_lines": 0, "num_statements": 3, "percent_covered": 0.0, "percent_covered_display": "0", "missing_lines": 3, "excluded_lines": 0}, "missing_lines": [348, 350, 353], "excluded_lines": []}, "NavigableList.focus": {"executed_lines": [], "summary": {"covered_lines": 0, "num_statements": 4, "percent_covered": 0.0, "percent_covered_display": "0", "missing_lines": 4, "excluded_lines": 0}, "missing_lines": [360, 361, 362, 363], "excluded_lines": []}, "NavigableList.blur": {"executed_lines": [], "summary": {"covered_lines": 0, "num_statements": 2, "percent_covered": 0.0, "percent_covered_display": "0", "missing_lines": 2, "excluded_lines": 0}, "missing_lines": [367, 370], "excluded_lines": []}, "": {"executed_lines": [], "summary": {"covered_lines": 0, "num_statements": 38, "percent_covered": 0.0, "percent_covered_display": "0", "missing_lines": 38, "excluded_lines": 4}, "missing_lines": [3, 5, 7, 8, 9, 17, 18, 21, 32, 70, 91, 92, 94, 114, 119, 136, 150, 155, 161, 166, 171, 178, 186, 200, 209, 220, 227, 250, 257, 271, 295, 300, 308, 321, 328, 346, 355, 365], "excluded_lines": [11, 12, 13, 14]}}, "classes": {"NavigableList": {"executed_lines": [], "summary": {"covered_lines": 0, "num_statements": 117, "percent_covered": 0.0, "percent_covered_display": "0", "missing_lines": 117, "excluded_lines": 0}, "missing_lines": [104, 112, 116, 117, 122, 123, 124, 125, 126, 127, 128, 131, 134, 138, 139, 142, 143, 146, 147, 148, 152, 153, 157, 158, 159, 163, 164, 168, 169, 173, 174, 175, 176, 180, 181, 182, 183, 184, 188, 189, 191, 192, 193, 196, 202, 203, 204, 205, 207, 211, 212, 214, 215, 217, 218, 222, 229, 230, 233, 234, 236, 237, 239, 240, 241, 243, 244, 245, 246, 248, 252, 253, 254, 255, 265, 266, 268, 269, 287, 288, 289, 290, 291, 293, 297, 298, 302, 311, 312, 313, 314, 315, 316, 317, 318, 319, 323, 325, 326, 330, 331, 332, 335, 337, 339, 340, 342, 344, 348, 350, 353, 360, 361, 362, 363, 367, 370], "excluded_lines": []}, "": {"executed_lines": [], "summary": {"covered_lines": 0, "num_statements": 38, "percent_covered": 0.0, "percent_covered_display": "0", "missing_lines": 38, "excluded_lines": 4}, "missing_lines": [3, 5, 7, 8, 9, 17, 18, 21, 32, 70, 91, 92, 94, 114, 119, 136, 150, 155, 161, 166, 171, 178, 186, 200, 209, 220, 227, 250, 257, 271, 295, 300, 308, 321, 328, 346, 355, 365], "excluded_lines": [11, 12, 13, 14]}}}, "src/tui/widgets/projects_panel.py": {"executed_lines": [1, 3, 5, 7, 8, 9, 11, 15, 16, 18, 49], "summary": {"covered_lines": 8, "num_statements": 12, "percent_covered": 66.66666666666667, "percent_covered_display": "67", "missing_lines": 4, "excluded_lines": 2}, "missing_lines": [51, 52, 53, 59], "excluded_lines": [11, 12], "functions": {"ProjectsPanel.compose": {"executed_lines": [], "summary": {"covered_lines": 0, "num_statements": 4, "percent_covered": 0.0, "percent_covered_display": "0", "missing_lines": 4, "excluded_lines": 0}, "missing_lines": [51, 52, 53, 59], "excluded_lines": []}, "": {"executed_lines": [1, 3, 5, 7, 8, 9, 11, 15, 16, 18, 49], "summary": {"covered_lines": 8, "num_statements": 8, "percent_covered": 100.0, "percent_covered_display": "100", "missing_lines": 0, "excluded_lines": 2}, "missing_lines": [], "excluded_lines": [11, 12]}}, "classes": {"ProjectsPanel": {"executed_lines": [], "summary": {"covered_lines": 0, "num_statements": 4, "percent_covered": 0.0, "percent_covered_display": "0", "missing_lines": 4, "excluded_lines": 0}, "missing_lines": [51, 52, 53, 59], "excluded_lines": []}, "": {"executed_lines": [1, 3, 5, 7, 8, 9, 11, 15, 16, 18, 49], "summary": {"covered_lines": 8, "num_statements": 8, "percent_covered": 100.0, "percent_covered_display": "100", "missing_lines": 0, "excluded_lines": 2}, "missing_lines": [], "excluded_lines": [11, 12]}}}, "src/utils/__init__.py": {"executed_lines": [], "summary": {"covered_lines": 0, "num_statements": 1, "percent_covered": 0.0, "percent_covered_display": "0", "missing_lines": 1, "excluded_lines": 0}, "missing_lines": [8], "excluded_lines": [], "functions": {"": {"executed_lines": [], "summary": {"covered_lines": 0, "num_statements": 1, "percent_covered": 0.0, "percent_covered_display": "0", "missing_lines": 1, "excluded_lines": 0}, "missing_lines": [8], "excluded_lines": []}}, "classes": {"": {"executed_lines": [], "summary": {"covered_lines": 0, "num_statements": 1, "percent_covered": 0.0, "percent_covered_display": "0", "missing_lines": 1, "excluded_lines": 0}, "missing_lines": [8], "excluded_lines": []}}}, "src/utils/constants.py": {"executed_lines": [], "summary": {"covered_lines": 0, "num_statements": 39, "percent_covered": 0.0, "percent_covered_display": "0", "missing_lines": 39, "excluded_lines": 0}, "missing_lines": [4, 5, 6, 9, 10, 11, 12, 13, 16, 17, 18, 19, 22, 23, 24, 25, 28, 29, 30, 33, 34, 35, 36, 39, 40, 41, 44, 45, 46, 47, 50, 51, 52, 53, 54, 57, 58, 59, 60], "excluded_lines": [], "functions": {"": {"executed_lines": [], "summary": {"covered_lines": 0, "num_statements": 39, "percent_covered": 0.0, "percent_covered_display": "0", "missing_lines": 39, "excluded_lines": 0}, "missing_lines": [4, 5, 6, 9, 10, 11, 12, 13, 16, 17, 18, 19, 22, 23, 24, 25, 28, 29, 30, 33, 34, 35, 36, 39, 40, 41, 44, 45, 46, 47, 50, 51, 52, 53, 54, 57, 58, 59, 60], "excluded_lines": []}}, "classes": {"": {"executed_lines": [], "summary": {"covered_lines": 0, "num_statements": 39, "percent_covered": 0.0, "percent_covered_display": "0", "missing_lines": 39, "excluded_lines": 0}, "missing_lines": [4, 5, 6, 9, 10, 11, 12, 13, 16, 17, 18, 19, 22, 23, 24, 25, 28, 29, 30, 33, 34, 35, 36, 39, 40, 41, 44, 45, 46, 47, 50, 51, 52, 53, 54, 57, 58, 59, 60], "excluded_lines": []}}}, "src/utils/type_definitions.py": {"executed_lines": [], "summary": {"covered_lines": 0, "num_statements": 175, "percent_covered": 0.0, "percent_covered_display": "0", "missing_lines": 175, "excluded_lines": 41}, "missing_lines": [6, 7, 8, 9, 10, 11, 22, 23, 24, 25, 26, 29, 30, 34, 37, 38, 39, 40, 41, 44, 47, 48, 49, 52, 55, 56, 57, 58, 59, 60, 61, 62, 65, 68, 69, 70, 71, 74, 77, 78, 79, 80, 84, 85, 86, 89, 90, 91, 92, 94, 95, 96, 100, 103, 107, 108, 113, 116, 120, 125, 128, 132, 137, 140, 144, 150, 151, 152, 153, 154, 157, 158, 165, 166, 169, 170, 171, 172, 174, 175, 177, 179, 180, 186, 188, 190, 191, 192, 193, 194, 196, 198, 202, 203, 206, 207, 208, 209, 210, 212, 214, 215, 216, 220, 222, 223, 224, 225, 227, 228, 229, 230, 234, 237, 238, 239, 243, 244, 248, 251, 255, 259, 263, 268, 271, 275, 280, 283, 287, 293, 296, 297, 298, 299, 300, 301, 304, 307, 308, 309, 310, 311, 312, 316, 317, 318, 321, 328, 329, 330, 334, 336, 344, 346, 353, 361, 363, 375, 377, 378, 379, 380, 381, 384, 386, 387, 388, 389, 390, 391, 392, 396, 404, 406, 413], "excluded_lines": [105, 106, 110, 111, 112, 118, 119, 122, 123, 124, 130, 131, 134, 135, 136, 142, 143, 146, 147, 148, 149, 253, 254, 257, 258, 261, 262, 265, 266, 267, 273, 274, 277, 278, 279, 285, 286, 289, 290, 291, 292], "functions": {"Serializable.to_dict": {"executed_lines": [], "summary": {"covered_lines": 0, "num_statements": 0, "percent_covered": 100.0, "percent_covered_display": "100", "missing_lines": 0, "excluded_lines": 1}, "missing_lines": [], "excluded_lines": [105]}, "Serializable.from_dict": {"executed_lines": [], "summary": {"covered_lines": 0, "num_statements": 0, "percent_covered": 100.0, "percent_covered_display": "100", "missing_lines": 0, "excluded_lines": 1}, "missing_lines": [], "excluded_lines": [110]}, "Validatable.validate": {"executed_lines": [], "summary": {"covered_lines": 0, "num_statements": 0, "percent_covered": 100.0, "percent_covered_display": "100", "missing_lines": 0, "excluded_lines": 1}, "missing_lines": [], "excluded_lines": [118]}, "Validatable.get_validation_errors": {"executed_lines": [], "summary": {"covered_lines": 0, "num_statements": 0, "percent_covered": 100.0, "percent_covered_display": "100", "missing_lines": 0, "excluded_lines": 1}, "missing_lines": [], "excluded_lines": [122]}, "Cacheable.get_cache_key": {"executed_lines": [], "summary": {"covered_lines": 0, "num_statements": 0, "percent_covered": 100.0, "percent_covered_display": "100", "missing_lines": 0, "excluded_lines": 1}, "missing_lines": [], "excluded_lines": [130]}, "Cacheable.is_cache_valid": {"executed_lines": [], "summary": {"covered_lines": 0, "num_statements": 0, "percent_covered": 100.0, "percent_covered_display": "100", "missing_lines": 0, "excluded_lines": 1}, "missing_lines": [], "excluded_lines": [134]}, "Processable.process": {"executed_lines": [], "summary": {"covered_lines": 0, "num_statements": 0, "percent_covered": 100.0, "percent_covered_display": "100", "missing_lines": 0, "excluded_lines": 1}, "missing_lines": [], "excluded_lines": [142]}, "Processable.can_process": {"executed_lines": [], "summary": {"covered_lines": 0, "num_statements": 0, "percent_covered": 100.0, "percent_covered_display": "100", "missing_lines": 0, "excluded_lines": 1}, "missing_lines": [], "excluded_lines": [146]}, "Result.ok": {"executed_lines": [], "summary": {"covered_lines": 0, "num_statements": 1, "percent_covered": 0.0, "percent_covered_display": "0", "missing_lines": 1, "excluded_lines": 0}, "missing_lines": [177], "excluded_lines": []}, "Result.create_error": {"executed_lines": [], "summary": {"covered_lines": 0, "num_statements": 1, "percent_covered": 0.0, "percent_covered_display": "0", "missing_lines": 1, "excluded_lines": 0}, "missing_lines": [186], "excluded_lines": []}, "Result.unwrap": {"executed_lines": [], "summary": {"covered_lines": 0, "num_statements": 5, "percent_covered": 0.0, "percent_covered_display": "0", "missing_lines": 5, "excluded_lines": 0}, "missing_lines": [190, 191, 192, 193, 194], "excluded_lines": []}, "Result.unwrap_or": {"executed_lines": [], "summary": {"covered_lines": 0, "num_statements": 1, "percent_covered": 0.0, "percent_covered_display": "0", "missing_lines": 1, "excluded_lines": 0}, "missing_lines": [198], "excluded_lines": []}, "ProcessingConfiguration.__post_init__": {"executed_lines": [], "summary": {"covered_lines": 0, "num_statements": 12, "percent_covered": 0.0, "percent_covered_display": "0", "missing_lines": 12, "excluded_lines": 0}, "missing_lines": [214, 215, 216, 220, 222, 223, 224, 225, 227, 228, 229, 230], "excluded_lines": []}, "Repository.get": {"executed_lines": [], "summary": {"covered_lines": 0, "num_statements": 0, "percent_covered": 100.0, "percent_covered_display": "100", "missing_lines": 0, "excluded_lines": 1}, "missing_lines": [], "excluded_lines": [253]}, "Repository.save": {"executed_lines": [], "summary": {"covered_lines": 0, "num_statements": 0, "percent_covered": 100.0, "percent_covered_display": "100", "missing_lines": 0, "excluded_lines": 1}, "missing_lines": [], "excluded_lines": [257]}, "Repository.delete": {"executed_lines": [], "summary": {"covered_lines": 0, "num_statements": 0, "percent_covered": 100.0, "percent_covered_display": "100", "missing_lines": 0, "excluded_lines": 1}, "missing_lines": [], "excluded_lines": [261]}, "Repository.list_all": {"executed_lines": [], "summary": {"covered_lines": 0, "num_statements": 0, "percent_covered": 100.0, "percent_covered_display": "100", "missing_lines": 0, "excluded_lines": 1}, "missing_lines": [], "excluded_lines": [265]}, "Strategy.execute": {"executed_lines": [], "summary": {"covered_lines": 0, "num_statements": 0, "percent_covered": 100.0, "percent_covered_display": "100", "missing_lines": 0, "excluded_lines": 1}, "missing_lines": [], "excluded_lines": [273]}, "Strategy.can_handle": {"executed_lines": [], "summary": {"covered_lines": 0, "num_statements": 0, "percent_covered": 100.0, "percent_covered_display": "100", "missing_lines": 0, "excluded_lines": 1}, "missing_lines": [], "excluded_lines": [277]}, "Factory.create": {"executed_lines": [], "summary": {"covered_lines": 0, "num_statements": 0, "percent_covered": 100.0, "percent_covered_display": "100", "missing_lines": 0, "excluded_lines": 1}, "missing_lines": [], "excluded_lines": [285]}, "Factory.supports": {"executed_lines": [], "summary": {"covered_lines": 0, "num_statements": 0, "percent_covered": 100.0, "percent_covered_display": "100", "missing_lines": 0, "excluded_lines": 1}, "missing_lines": [], "excluded_lines": [289]}, "is_message_dict": {"executed_lines": [], "summary": {"covered_lines": 0, "num_statements": 1, "percent_covered": 0.0, "percent_covered_display": "0", "missing_lines": 1, "excluded_lines": 0}, "missing_lines": [336], "excluded_lines": []}, "is_processing_result": {"executed_lines": [], "summary": {"covered_lines": 0, "num_statements": 2, "percent_covered": 0.0, "percent_covered_display": "0", "missing_lines": 2, "excluded_lines": 0}, "missing_lines": [346, 353], "excluded_lines": []}, "create_empty_statistics": {"executed_lines": [], "summary": {"covered_lines": 0, "num_statements": 1, "percent_covered": 0.0, "percent_covered_display": "0", "missing_lines": 1, "excluded_lines": 0}, "missing_lines": [363], "excluded_lines": []}, "serialize_message_safely": {"executed_lines": [], "summary": {"covered_lines": 0, "num_statements": 5, "percent_covered": 0.0, "percent_covered_display": "0", "missing_lines": 5, "excluded_lines": 0}, "missing_lines": [377, 378, 379, 380, 381], "excluded_lines": []}, "parse_message_safely": {"executed_lines": [], "summary": {"covered_lines": 0, "num_statements": 7, "percent_covered": 0.0, "percent_covered_display": "0", "missing_lines": 7, "excluded_lines": 0}, "missing_lines": [386, 387, 388, 389, 390, 391, 392], "excluded_lines": []}, "": {"executed_lines": [], "summary": {"covered_lines": 0, "num_statements": 139, "percent_covered": 0.0, "percent_covered_display": "0", "missing_lines": 139, "excluded_lines": 25}, "missing_lines": [6, 7, 8, 9, 10, 11, 22, 23, 24, 25, 26, 29, 30, 34, 37, 38, 39, 40, 41, 44, 47, 48, 49, 52, 55, 56, 57, 58, 59, 60, 61, 62, 65, 68, 69, 70, 71, 74, 77, 78, 79, 80, 84, 85, 86, 89, 90, 91, 92, 94, 95, 96, 100, 103, 107, 108, 113, 116, 120, 125, 128, 132, 137, 140, 144, 150, 151, 152, 153, 154, 157, 158, 165, 166, 169, 170, 171, 172, 174, 175, 179, 180, 188, 196, 202, 203, 206, 207, 208, 209, 210, 212, 234, 237, 238, 239, 243, 244, 248, 251, 255, 259, 263, 268, 271, 275, 280, 283, 287, 293, 296, 297, 298, 299, 300, 301, 304, 307, 308, 309, 310, 311, 312, 316, 317, 318, 321, 328, 329, 330, 334, 344, 361, 375, 384, 396, 404, 406, 413], "excluded_lines": [106, 111, 112, 119, 123, 124, 131, 135, 136, 143, 147, 148, 149, 254, 258, 262, 266, 267, 274, 278, 279, 286, 290, 291, 292]}}, "classes": {"MessageDict": {"executed_lines": [], "summary": {"covered_lines": 0, "num_statements": 0, "percent_covered": 100.0, "percent_covered_display": "100", "missing_lines": 0, "excluded_lines": 0}, "missing_lines": [], "excluded_lines": []}, "ToolCallMessage": {"executed_lines": [], "summary": {"covered_lines": 0, "num_statements": 0, "percent_covered": 100.0, "percent_covered_display": "100", "missing_lines": 0, "excluded_lines": 0}, "missing_lines": [], "excluded_lines": []}, "ProcessingStatisticsDict": {"executed_lines": [], "summary": {"covered_lines": 0, "num_statements": 0, "percent_covered": 100.0, "percent_covered_display": "100", "missing_lines": 0, "excluded_lines": 0}, "missing_lines": [], "excluded_lines": []}, "ConversationGraphNode": {"executed_lines": [], "summary": {"covered_lines": 0, "num_statements": 0, "percent_covered": 100.0, "percent_covered_display": "100", "missing_lines": 0, "excluded_lines": 0}, "missing_lines": [], "excluded_lines": []}, "DependencyGraphDict": {"executed_lines": [], "summary": {"covered_lines": 0, "num_statements": 0, "percent_covered": 100.0, "percent_covered_display": "100", "missing_lines": 0, "excluded_lines": 0}, "missing_lines": [], "excluded_lines": []}, "Serializable": {"executed_lines": [], "summary": {"covered_lines": 0, "num_statements": 0, "percent_covered": 100.0, "percent_covered_display": "100", "missing_lines": 0, "excluded_lines": 2}, "missing_lines": [], "excluded_lines": [105, 110]}, "Validatable": {"executed_lines": [], "summary": {"covered_lines": 0, "num_statements": 0, "percent_covered": 100.0, "percent_covered_display": "100", "missing_lines": 0, "excluded_lines": 2}, "missing_lines": [], "excluded_lines": [118, 122]}, "Cacheable": {"executed_lines": [], "summary": {"covered_lines": 0, "num_statements": 0, "percent_covered": 100.0, "percent_covered_display": "100", "missing_lines": 0, "excluded_lines": 2}, "missing_lines": [], "excluded_lines": [130, 134]}, "Processable": {"executed_lines": [], "summary": {"covered_lines": 0, "num_statements": 0, "percent_covered": 100.0, "percent_covered_display": "100", "missing_lines": 0, "excluded_lines": 2}, "missing_lines": [], "excluded_lines": [142, 146]}, "Result": {"executed_lines": [], "summary": {"covered_lines": 0, "num_statements": 8, "percent_covered": 0.0, "percent_covered_display": "0", "missing_lines": 8, "excluded_lines": 0}, "missing_lines": [177, 186, 190, 191, 192, 193, 194, 198], "excluded_lines": []}, "ProcessingConfiguration": {"executed_lines": [], "summary": {"covered_lines": 0, "num_statements": 12, "percent_covered": 0.0, "percent_covered_display": "0", "missing_lines": 12, "excluded_lines": 0}, "missing_lines": [214, 215, 216, 220, 222, 223, 224, 225, 227, 228, 229, 230], "excluded_lines": []}, "ProcessingCallbacks": {"executed_lines": [], "summary": {"covered_lines": 0, "num_statements": 0, "percent_covered": 100.0, "percent_covered_display": "100", "missing_lines": 0, "excluded_lines": 0}, "missing_lines": [], "excluded_lines": []}, "Repository": {"executed_lines": [], "summary": {"covered_lines": 0, "num_statements": 0, "percent_covered": 100.0, "percent_covered_display": "100", "missing_lines": 0, "excluded_lines": 4}, "missing_lines": [], "excluded_lines": [253, 257, 261, 265]}, "Strategy": {"executed_lines": [], "summary": {"covered_lines": 0, "num_statements": 0, "percent_covered": 100.0, "percent_covered_display": "100", "missing_lines": 0, "excluded_lines": 2}, "missing_lines": [], "excluded_lines": [273, 277]}, "Factory": {"executed_lines": [], "summary": {"covered_lines": 0, "num_statements": 0, "percent_covered": 100.0, "percent_covered_display": "100", "missing_lines": 0, "excluded_lines": 2}, "missing_lines": [], "excluded_lines": [285, 289]}, "ConversationAnalysisResult": {"executed_lines": [], "summary": {"covered_lines": 0, "num_statements": 0, "percent_covered": 100.0, "percent_covered_display": "100", "missing_lines": 0, "excluded_lines": 0}, "missing_lines": [], "excluded_lines": []}, "BatchProcessingResult": {"executed_lines": [], "summary": {"covered_lines": 0, "num_statements": 0, "percent_covered": 100.0, "percent_covered_display": "100", "missing_lines": 0, "excluded_lines": 0}, "missing_lines": [], "excluded_lines": []}, "": {"executed_lines": [], "summary": {"covered_lines": 0, "num_statements": 155, "percent_covered": 0.0, "percent_covered_display": "0", "missing_lines": 155, "excluded_lines": 25}, "missing_lines": [6, 7, 8, 9, 10, 11, 22, 23, 24, 25, 26, 29, 30, 34, 37, 38, 39, 40, 41, 44, 47, 48, 49, 52, 55, 56, 57, 58, 59, 60, 61, 62, 65, 68, 69, 70, 71, 74, 77, 78, 79, 80, 84, 85, 86, 89, 90, 91, 92, 94, 95, 96, 100, 103, 107, 108, 113, 116, 120, 125, 128, 132, 137, 140, 144, 150, 151, 152, 153, 154, 157, 158, 165, 166, 169, 170, 171, 172, 174, 175, 179, 180, 188, 196, 202, 203, 206, 207, 208, 209, 210, 212, 234, 237, 238, 239, 243, 244, 248, 251, 255, 259, 263, 268, 271, 275, 280, 283, 287, 293, 296, 297, 298, 299, 300, 301, 304, 307, 308, 309, 310, 311, 312, 316, 317, 318, 321, 328, 329, 330, 334, 336, 344, 346, 353, 361, 363, 375, 377, 378, 379, 380, 381, 384, 386, 387, 388, 389, 390, 391, 392, 396, 404, 406, 413], "excluded_lines": [106, 111, 112, 119, 123, 124, 131, 135, 136, 143, 147, 148, 149, 254, 258, 262, 266, 267, 274, 278, 279, 286, 290, 291, 292]}}}}, "totals": {"covered_lines": 647, "num_statements": 2400, "percent_covered": 26.958333333333332, "percent_covered_display": "27", "missing_lines": 1753, "excluded_lines": 63}}